<?xml version="1.0" encoding="UTF-8"?>
<!-- Generated by org.testng.reporters.JUnitXMLReporter -->
<testsuite hostname="Abhilash" name="QA User Twenty Eight" tests="1" failures="0" timestamp="29 May 2015 02:38:33 GMT" time="105.021" errors="0">
  <testcase name="@BeforeMethod openBrowser" time="0.0" classname="com.eigenRisk.TestSuite_MultiThreading.DeleteAllExposures">
    <failure type="org.openqa.selenium.WebDriverException" message="Failed to connect to binary FirefoxBinary(C:\Program Files (x86)\Mozilla Firefox\firefox.exe) on port 7059; process output follows: 
972ce4c6-7e08-4474-a285-3208198ce6fd}&amp;quot;,&amp;quot;installDate&amp;quot;:1432111248815,&amp;quot;updateDate&amp;quot;:1432111248815,&amp;quot;applyBackgroundUpdates&amp;quot;:1,&amp;quot;skinnable&amp;quot;:true,&amp;quot;size&amp;quot;:3175,&amp;quot;sourceURI&amp;quot;:null,&amp;quot;releaseNotesURI&amp;quot;:null,&amp;quot;softDisabled&amp;quot;:false,&amp;quot;foreignInstall&amp;quot;:false,&amp;quot;hasBinaryComponents&amp;quot;:false,&amp;quot;strictCompatibility&amp;quot;:true,&amp;quot;locales&amp;quot;:[],&amp;quot;targetApplications&amp;quot;:[{&amp;quot;id&amp;quot;:&amp;quot;{ec8030f7-c20a-464f-9b0e-13a3a9e97384}&amp;quot;,&amp;quot;minVersion&amp;quot;:&amp;quot;38.0.1&amp;quot;,&amp;quot;maxVersion&amp;quot;:&amp;quot;38.0.1&amp;quot;}],&amp;quot;targetPlatforms&amp;quot;:[]}
1432867087641	addons.xpi	DEBUG	getModTime: Recursive scan of {972ce4c6-7e08-4474-a285-3208198ce6fd}
1432867087645	addons.xpi	DEBUG	New add-on {4ED1F68A-5463-4931-9384-8FFF5ED91D92} installed in winreg-app-global
1432867087837	addons.xpi	WARN	Disabling foreign installed add-on {4ED1F68A-5463-4931-9384-8FFF5ED91D92} in winreg-app-global
1432867087837	addons.xpi-utils	DEBUG	Make addon winreg-app-global:{4ED1F68A-5463-4931-9384-8FFF5ED91D92} visible
1432867087837	DeferredSave.extensions.json	DEBUG	Save changes
1432867087838	DeferredSave.extensions.json	DEBUG	Save changes
1432867087838	addons.xpi	DEBUG	Updating XPIState for {&amp;quot;id&amp;quot;:&amp;quot;{4ED1F68A-5463-4931-9384-8FFF5ED91D92}&amp;quot;,&amp;quot;syncGUID&amp;quot;:&amp;quot;lUroi7Teij70&amp;quot;,&amp;quot;location&amp;quot;:&amp;quot;winreg-app-global&amp;quot;,&amp;quot;version&amp;quot;:&amp;quot;4.0.0&amp;quot;,&amp;quot;type&amp;quot;:&amp;quot;extension&amp;quot;,&amp;quot;internalName&amp;quot;:null,&amp;quot;updateURL&amp;quot;:null,&amp;quot;updateKey&amp;quot;:null,&amp;quot;optionsURL&amp;quot;:null,&amp;quot;optionsType&amp;quot;:null,&amp;quot;aboutURL&amp;quot;:null,&amp;quot;iconURL&amp;quot;:&amp;quot;chrome://saff/content/siteadvisor.gif&amp;quot;,&amp;quot;icon64URL&amp;quot;:null,&amp;quot;defaultLocale&amp;quot;:{&amp;quot;name&amp;quot;:&amp;quot;McAfee WebAdvisor&amp;quot;,&amp;quot;description&amp;quot;:null,&amp;quot;creator&amp;quot;:&amp;quot;McAfee Inc.&amp;quot;,&amp;quot;homepageURL&amp;quot;:&amp;quot;http://www.siteadvisor.com/&amp;quot;},&amp;quot;visible&amp;quot;:true,&amp;quot;active&amp;quot;:false,&amp;quot;userDisabled&amp;quot;:true,&amp;quot;appDisabled&amp;quot;:false,&amp;quot;descriptor&amp;quot;:&amp;quot;C:\\Program Files (x86)\\McAfee\\SiteAdvisor&amp;quot;,&amp;quot;installDate&amp;quot;:1432867077092,&amp;quot;updateDate&amp;quot;:1432867077092,&amp;quot;applyBackgroundUpdates&amp;quot;:1,&amp;quot;bootstrap&amp;quot;:false,&amp;quot;size&amp;quot;:24080115,&amp;quot;sourceURI&amp;quot;:null,&amp;quot;releaseNotesURI&amp;quot;:null,&amp;quot;softDisabled&amp;quot;:false,&amp;quot;foreignInstall&amp;quot;:true,&amp;quot;hasBinaryComponents&amp;quot;:false,&amp;quot;strictCompatibility&amp;quot;:false,&amp;quot;locales&amp;quot;:[],&amp;quot;targetApplications&amp;quot;:[{&amp;quot;id&amp;quot;:&amp;quot;{ec8030f7-c20a-464f-9b0e-13a3a9e97384}&amp;quot;,&amp;quot;minVersion&amp;quot;:&amp;quot;3.0&amp;quot;,&amp;quot;maxVersion&amp;quot;:&amp;quot;*&amp;quot;}],&amp;quot;targetPlatforms&amp;quot;:[],&amp;quot;multiprocessCompatible&amp;quot;:false}
1432867087838	addons.xpi	DEBUG	Updating database with changes to installed add-ons
1432867087838	addons.xpi-utils	DEBUG	Updating add-on states
1432867087839	addons.xpi-utils	DEBUG	Writing add-ons list
1432867087845	addons.manager	DEBUG	Registering shutdown blocker for XPIProvider
1432867087845	addons.manager	DEBUG	Provider finished startup: XPIProvider
1432867087845	addons.manager	DEBUG	Starting provider: LightweightThemeManager
1432867087845	addons.manager	DEBUG	Registering shutdown blocker for LightweightThemeManager
1432867087846	addons.manager	DEBUG	Provider finished startup: LightweightThemeManager
1432867087846	addons.manager	DEBUG	Starting provider: GMPProvider
1432867087849	addons.manager	DEBUG	Registering shutdown blocker for GMPProvider
1432867087850	addons.manager	DEBUG	Provider finished startup: GMPProvider
1432867087850	addons.manager	DEBUG	Starting provider: PluginProvider
1432867087850	addons.manager	DEBUG	Registering shutdown blocker for PluginProvider
1432867087850	addons.manager	DEBUG	Provider finished startup: PluginProvider
1432867087850	addons.manager	DEBUG	Completed startup sequence
1432867097577	DeferredSave.extensions.json	DEBUG	Starting timer
1432867097675	DeferredSave.extensions.json	DEBUG	Starting write
1432867097893	addons.manager	DEBUG	shutdown
1432867097894	addons.manager	DEBUG	Calling shutdown blocker for XPIProvider
1432867097894	addons.xpi	DEBUG	shutdown
1432867097894	addons.xpi-utils	DEBUG	shutdown
1432867097896	addons.manager	DEBUG	Calling shutdown blocker for LightweightThemeManager
1432867097897	addons.manager	DEBUG	Calling shutdown blocker for GMPProvider
1432867097901	addons.manager	DEBUG	Calling shutdown blocker for PluginProvider
1432867099029	DeferredSave.extensions.json	DEBUG	Write succeeded
1432867099029	addons.xpi-utils	DEBUG	XPI Database saved, setting schema version preference to 16
1432867099030	addons.xpi	DEBUG	Notifying XPI shutdown observers
1432867099035	addons.manager	DEBUG	Async provider shutdown done

Build info: version: &amp;apos;2.45.0&amp;apos;, revision: &amp;apos;32a636c&amp;apos;, time: &amp;apos;2015-03-05 22:01:35&amp;apos;
System info: host: &amp;apos;Abhilash&amp;apos;, ip: &amp;apos;192.168.2.13&amp;apos;, os.name: &amp;apos;Windows 7&amp;apos;, os.arch: &amp;apos;amd64&amp;apos;, os.version: &amp;apos;6.1&amp;apos;, java.version: &amp;apos;1.8.0_31&amp;apos;
Driver info: driver.version: FirefoxDriver">
      <![CDATA[org.openqa.selenium.WebDriverException: Failed to connect to binary FirefoxBinary(C:\Program Files (x86)\Mozilla Firefox\firefox.exe) on port 7059; process output follows: 
972ce4c6-7e08-4474-a285-3208198ce6fd}","installDate":1432111248815,"updateDate":1432111248815,"applyBackgroundUpdates":1,"skinnable":true,"size":3175,"sourceURI":null,"releaseNotesURI":null,"softDisabled":false,"foreignInstall":false,"hasBinaryComponents":false,"strictCompatibility":true,"locales":[],"targetApplications":[{"id":"{ec8030f7-c20a-464f-9b0e-13a3a9e97384}","minVersion":"38.0.1","maxVersion":"38.0.1"}],"targetPlatforms":[]}
1432867087641	addons.xpi	DEBUG	getModTime: Recursive scan of {972ce4c6-7e08-4474-a285-3208198ce6fd}
1432867087645	addons.xpi	DEBUG	New add-on {4ED1F68A-5463-4931-9384-8FFF5ED91D92} installed in winreg-app-global
1432867087837	addons.xpi	WARN	Disabling foreign installed add-on {4ED1F68A-5463-4931-9384-8FFF5ED91D92} in winreg-app-global
1432867087837	addons.xpi-utils	DEBUG	Make addon winreg-app-global:{4ED1F68A-5463-4931-9384-8FFF5ED91D92} visible
1432867087837	DeferredSave.extensions.json	DEBUG	Save changes
1432867087838	DeferredSave.extensions.json	DEBUG	Save changes
1432867087838	addons.xpi	DEBUG	Updating XPIState for {"id":"{4ED1F68A-5463-4931-9384-8FFF5ED91D92}","syncGUID":"lUroi7Teij70","location":"winreg-app-global","version":"4.0.0","type":"extension","internalName":null,"updateURL":null,"updateKey":null,"optionsURL":null,"optionsType":null,"aboutURL":null,"iconURL":"chrome://saff/content/siteadvisor.gif","icon64URL":null,"defaultLocale":{"name":"McAfee WebAdvisor","description":null,"creator":"McAfee Inc.","homepageURL":"http://www.siteadvisor.com/"},"visible":true,"active":false,"userDisabled":true,"appDisabled":false,"descriptor":"C:\\Program Files (x86)\\McAfee\\SiteAdvisor","installDate":1432867077092,"updateDate":1432867077092,"applyBackgroundUpdates":1,"bootstrap":false,"size":24080115,"sourceURI":null,"releaseNotesURI":null,"softDisabled":false,"foreignInstall":true,"hasBinaryComponents":false,"strictCompatibility":false,"locales":[],"targetApplications":[{"id":"{ec8030f7-c20a-464f-9b0e-13a3a9e97384}","minVersion":"3.0","maxVersion":"*"}],"targetPlatforms":[],"multiprocessCompatible":false}
1432867087838	addons.xpi	DEBUG	Updating database with changes to installed add-ons
1432867087838	addons.xpi-utils	DEBUG	Updating add-on states
1432867087839	addons.xpi-utils	DEBUG	Writing add-ons list
1432867087845	addons.manager	DEBUG	Registering shutdown blocker for XPIProvider
1432867087845	addons.manager	DEBUG	Provider finished startup: XPIProvider
1432867087845	addons.manager	DEBUG	Starting provider: LightweightThemeManager
1432867087845	addons.manager	DEBUG	Registering shutdown blocker for LightweightThemeManager
1432867087846	addons.manager	DEBUG	Provider finished startup: LightweightThemeManager
1432867087846	addons.manager	DEBUG	Starting provider: GMPProvider
1432867087849	addons.manager	DEBUG	Registering shutdown blocker for GMPProvider
1432867087850	addons.manager	DEBUG	Provider finished startup: GMPProvider
1432867087850	addons.manager	DEBUG	Starting provider: PluginProvider
1432867087850	addons.manager	DEBUG	Registering shutdown blocker for PluginProvider
1432867087850	addons.manager	DEBUG	Provider finished startup: PluginProvider
1432867087850	addons.manager	DEBUG	Completed startup sequence
1432867097577	DeferredSave.extensions.json	DEBUG	Starting timer
1432867097675	DeferredSave.extensions.json	DEBUG	Starting write
1432867097893	addons.manager	DEBUG	shutdown
1432867097894	addons.manager	DEBUG	Calling shutdown blocker for XPIProvider
1432867097894	addons.xpi	DEBUG	shutdown
1432867097894	addons.xpi-utils	DEBUG	shutdown
1432867097896	addons.manager	DEBUG	Calling shutdown blocker for LightweightThemeManager
1432867097897	addons.manager	DEBUG	Calling shutdown blocker for GMPProvider
1432867097901	addons.manager	DEBUG	Calling shutdown blocker for PluginProvider
1432867099029	DeferredSave.extensions.json	DEBUG	Write succeeded
1432867099029	addons.xpi-utils	DEBUG	XPI Database saved, setting schema version preference to 16
1432867099030	addons.xpi	DEBUG	Notifying XPI shutdown observers
1432867099035	addons.manager	DEBUG	Async provider shutdown done

Build info: version: '2.45.0', revision: '32a636c', time: '2015-03-05 22:01:35'
System info: host: 'Abhilash', ip: '192.168.2.13', os.name: 'Windows 7', os.arch: 'amd64', os.version: '6.1', java.version: '1.8.0_31'
Driver info: driver.version: FirefoxDriver
	at org.openqa.selenium.firefox.internal.NewProfileExtensionConnection.start(NewProfileExtensionConnection.java:134)
	at org.openqa.selenium.firefox.FirefoxDriver.startClient(FirefoxDriver.java:246)
	at org.openqa.selenium.remote.RemoteWebDriver.<init>(RemoteWebDriver.java:114)
	at org.openqa.selenium.firefox.FirefoxDriver.<init>(FirefoxDriver.java:193)
	at org.openqa.selenium.firefox.FirefoxDriver.<init>(FirefoxDriver.java:186)
	at org.openqa.selenium.firefox.FirefoxDriver.<init>(FirefoxDriver.java:182)
	at org.openqa.selenium.firefox.FirefoxDriver.<init>(FirefoxDriver.java:95)
	at org.eigenrisk.commonutilities.SelectBrowser.selectBrowser(SelectBrowser.java:15)
	at com.eigenRisk.TestSuite_MultiThreading.DeleteAllExposures.openBrowser(DeleteAllExposures.java:55)
	at java.util.concurrent.FutureTask.run(Unknown Source)
	at java.util.concurrent.ThreadPoolExecutor.runWorker(Unknown Source)
	at java.util.concurrent.ThreadPoolExecutor$Worker.run(Unknown Source)
	at java.lang.Thread.run(Unknown Source)
Caused by: org.openqa.selenium.WebDriverException: java.lang.InterruptedException: Process timed out after waiting for 45000 ms.
Build info: version: '2.45.0', revision: '32a636c', time: '2015-03-05 22:01:35'
System info: host: 'Abhilash', ip: '192.168.2.13', os.name: 'Windows 7', os.arch: 'amd64', os.version: '6.1', java.version: '1.8.0_31'
Driver info: driver.version: FirefoxDriver
	at org.openqa.selenium.os.CommandLine.waitFor(CommandLine.java:131)
	at org.openqa.selenium.firefox.FirefoxBinary.waitFor(FirefoxBinary.java:222)
	at org.openqa.selenium.firefox.FirefoxBinary.clean(FirefoxBinary.java:242)
	at org.openqa.selenium.firefox.internal.NewProfileExtensionConnection.start(NewProfileExtensionConnection.java:91)
	... 29 more
Caused by: java.lang.InterruptedException: Process timed out after waiting for 45000 ms.
	at org.openqa.selenium.os.UnixProcess.waitFor(UnixProcess.java:148)
	at org.openqa.selenium.os.CommandLine.waitFor(CommandLine.java:129)
	... 32 more
... Removed 17 stack frames]]>
    </failure>
  </testcase> <!-- @BeforeMethod openBrowser -->
  <testcase name="@AfterMethod closeBrowser" time="0.0" classname="com.eigenRisk.TestSuite_MultiThreading.DeleteAllExposures">
    <skipped/>
  </testcase> <!-- @AfterMethod closeBrowser -->
  <testcase name="@AfterTest afterTest" time="0.0" classname="com.eigenRisk.TestSuite_MultiThreading.DeleteAllExposures">
    <skipped/>
  </testcase> <!-- @AfterTest afterTest -->
  <testcase name="DeleteAllExposure" time="0.0" classname="com.eigenRisk.TestSuite_MultiThreading.DeleteAllExposures">
    <skipped/>
  </testcase> <!-- DeleteAllExposure -->
</testsuite> <!-- QA User Twenty Eight -->
