<?xml version="1.0" encoding="UTF-8"?>
<!-- Generated by org.testng.reporters.JUnitXMLReporter -->
<testsuite hostname="Abhilash" name="Import Exposure Valid CSV File" tests="1" failures="1" timestamp="23 Jul 2015 05:29:16 GMT" time="41.182" errors="0">
  <testcase name="importExposure_ValidFile_CSV" time="33.005" classname="com.eigenRisk.TestSuite.Exposure_Import">
    <failure type="java.lang.StringIndexOutOfBoundsException" message="String index out of range: -3">
      <![CDATA[java.lang.StringIndexOutOfBoundsException: String index out of range: -3
	at java.lang.String.substring(Unknown Source)
	at com.eigenRisk.functionalities.Exposure_Import_Load.importNewExposure(Exposure_Import_Load.java:202)
	at com.eigenRisk.TestSuite.Exposure_Import.importExposure_ValidFile_CSV(Exposure_Import.java:152)
	at java.util.concurrent.FutureTask.run(Unknown Source)
	at java.util.concurrent.ThreadPoolExecutor.runWorker(Unknown Source)
	at java.util.concurrent.ThreadPoolExecutor$Worker.run(Unknown Source)
	at java.lang.Thread.run(Unknown Source)
... Removed 16 stack frames]]>
    </failure>
  </testcase> <!-- importExposure_ValidFile_CSV -->
</testsuite> <!-- Import Exposure Valid CSV File -->
