<?xml version="1.0" encoding="UTF-8"?>
<!-- Generated by org.testng.reporters.JUnitXMLReporter -->
<testsuite hostname="Abhilash" name="import Exposure 50MB Valid Excel File" tests="1" failures="1" timestamp="23 Jul 2015 05:28:34 GMT" time="39.685" errors="0">
  <testcase name="importExposure_50MB_ValidFile_Excel" time="30.461" classname="com.eigenRisk.TestSuite.Exposure_Import">
    <failure type="java.lang.StringIndexOutOfBoundsException" message="String index out of range: -3">
      <![CDATA[java.lang.StringIndexOutOfBoundsException: String index out of range: -3
	at java.lang.String.substring(Unknown Source)
	at com.eigenRisk.functionalities.Exposure_Import_Load.importNewExposure(Exposure_Import_Load.java:202)
	at com.eigenRisk.TestSuite.Exposure_Import.importExposure_50MB_ValidFile_Excel(Exposure_Import.java:132)
	at java.util.concurrent.FutureTask.run(Unknown Source)
	at java.util.concurrent.ThreadPoolExecutor.runWorker(Unknown Source)
	at java.util.concurrent.ThreadPoolExecutor$Worker.run(Unknown Source)
	at java.lang.Thread.run(Unknown Source)
... Removed 16 stack frames]]>
    </failure>
  </testcase> <!-- importExposure_50MB_ValidFile_Excel -->
</testsuite> <!-- import Exposure 50MB Valid Excel File -->
