<?xml version="1.0" encoding="UTF-8"?>
<!-- Generated by org.testng.reporters.JUnitReportReporter -->
<testsuite hostname="Abhilash" name="com.eigenRisk.TestSuite.Program_Builder" tests="9" failures="9" timestamp="18 Sep 2015 05:29:02 GMT" time="0.006" errors="0">
  <testcase name="CheckDefaultProgramName" time="0.000" classname="com.eigenRisk.TestSuite.Program_Builder">
    <failure type="org.openqa.selenium.WebDriverException" message="Failed to connect to binary FirefoxBinary(C:\Program Files (x86)\Mozilla Firefox\firefox.exe) on port 7055; process output follows: 
ll,&quot;updateKey&quot;:null,&quot;optionsURL&quot;:null,&quot;optionsType&quot;:null,&quot;aboutURL&quot;:null,&quot;iconURL&quot;:null,&quot;icon64URL&quot;:null,&quot;defaultLocale&quot;:{&quot;name&quot;:&quot;Default&quot;,&quot;description&quot;:&quot;The default theme.&quot;,&quot;creator&quot;:&quot;Mozilla&quot;,&quot;homepageURL&quot;:null,&quot;contributors&quot;:[&quot;Mozilla Contributors&quot;]},&quot;visible&quot;:true,&quot;active&quot;:true,&quot;userDisabled&quot;:false,&quot;appDisabled&quot;:false,&quot;descriptor&quot;:&quot;C:\\Program Files (x86)\\Mozilla Firefox\\browser\\extensions\\{972ce4c6-7e08-4474-a285-3208198ce6fd}&quot;,&quot;installDate&quot;:1441103455045,&quot;updateDate&quot;:1441103455045,&quot;applyBackgroundUpdates&quot;:1,&quot;skinnable&quot;:true,&quot;size&quot;:23193,&quot;sourceURI&quot;:null,&quot;releaseNotesURI&quot;:null,&quot;softDisabled&quot;:false,&quot;foreignInstall&quot;:false,&quot;hasBinaryComponents&quot;:false,&quot;strictCompatibility&quot;:true,&quot;locales&quot;:[],&quot;targetApplications&quot;:[{&quot;id&quot;:&quot;{ec8030f7-c20a-464f-9b0e-13a3a9e97384}&quot;,&quot;minVersion&quot;:&quot;40.0.3&quot;,&quot;maxVersion&quot;:&quot;40.0.3&quot;}],&quot;targetPlatforms&quot;:[]}
1442554107856	addons.xpi	DEBUG	getModTime: Recursive scan of {972ce4c6-7e08-4474-a285-3208198ce6fd}
1442554107859	addons.xpi	DEBUG	Updating database with changes to installed add-ons
1442554107859	addons.xpi-utils	DEBUG	Updating add-on states
1442554107860	addons.xpi-utils	DEBUG	Writing add-ons list
1442554107876	addons.manager	DEBUG	Registering shutdown blocker for XPIProvider
1442554107894	addons.manager	DEBUG	Provider finished startup: XPIProvider
1442554107894	addons.manager	DEBUG	Starting provider: LightweightThemeManager
1442554107894	addons.manager	DEBUG	Registering shutdown blocker for LightweightThemeManager
1442554107894	addons.manager	DEBUG	Provider finished startup: LightweightThemeManager
1442554107895	addons.manager	DEBUG	Starting provider: GMPProvider
1442554107900	addons.manager	DEBUG	Registering shutdown blocker for GMPProvider
1442554107901	addons.manager	DEBUG	Provider finished startup: GMPProvider
1442554107901	addons.manager	DEBUG	Starting provider: PluginProvider
1442554107901	addons.manager	DEBUG	Registering shutdown blocker for PluginProvider
1442554107901	addons.manager	DEBUG	Provider finished startup: PluginProvider
1442554107901	addons.manager	DEBUG	Completed startup sequence
1442554113880	addons.manager	DEBUG	Starting provider: &lt;unnamed-provider&gt;
1442554113880	addons.manager	DEBUG	Registering shutdown blocker for &lt;unnamed-provider&gt;
1442554113880	addons.manager	DEBUG	Provider finished startup: &lt;unnamed-provider&gt;
1442554115105	DeferredSave.extensions.json	DEBUG	Starting write
1442554115627	addons.manager	DEBUG	shutdown
1442554115627	addons.manager	DEBUG	Calling shutdown blocker for XPIProvider
1442554115627	addons.xpi	DEBUG	shutdown
1442554115627	addons.xpi-utils	DEBUG	shutdown
1442554115628	addons.manager	DEBUG	Calling shutdown blocker for LightweightThemeManager
1442554115628	addons.manager	DEBUG	Calling shutdown blocker for GMPProvider
1442554115629	addons.manager	DEBUG	Calling shutdown blocker for PluginProvider
1442554115629	addons.manager	DEBUG	Calling shutdown blocker for &lt;unnamed-provider&gt;
1442554115729	addons.repository	DEBUG	No addons.json found.
1442554115749	DeferredSave.addons.json	DEBUG	Save changes
1442554115777	DeferredSave.addons.json	DEBUG	Starting timer
1442554115822	addons.manager	DEBUG	Starting provider: PreviousExperimentProvider
1442554115822	addons.manager	DEBUG	Registering shutdown blocker for PreviousExperimentProvider
1442554115824	addons.manager	DEBUG	Provider finished startup: PreviousExperimentProvider
1442554115825	addons.manager	DEBUG	Calling shutdown blocker for PreviousExperimentProvider
1442554115826	DeferredSave.extensions.json	DEBUG	Write succeeded
1442554115827	addons.xpi-utils	DEBUG	XPI Database saved, setting schema version preference to 17
1442554115827	addons.xpi	DEBUG	Notifying XPI shutdown observers
1442554115828	DeferredSave.addons.json	DEBUG	Starting write
1442554117949	DeferredSave.addons.json	DEBUG	Write succeeded
1442554117949	addons.manager	DEBUG	Async provider shutdown done
JavaScript error: resource://gre/modules/BookmarkHTMLUtils.jsm, line 884: NS_ERROR_UNEXPECTED: Component returned failure code: 0x8000ffff (NS_ERROR_UNEXPECTED) [nsINavBookmarksService.removeFolderChildren]

Build info: version: &#039;2.45.0&#039;, revision: &#039;32a636c&#039;, time: &#039;2015-03-05 22:01:35&#039;
System info: host: &#039;Abhilash&#039;, ip: &#039;192.168.86.1&#039;, os.name: &#039;Windows 7&#039;, os.arch: &#039;amd64&#039;, os.version: &#039;6.1&#039;, java.version: &#039;1.8.0_31&#039;
Driver info: driver.version: FirefoxDriver">
      <![CDATA[org.openqa.selenium.WebDriverException: Failed to connect to binary FirefoxBinary(C:\Program Files (x86)\Mozilla Firefox\firefox.exe) on port 7055; process output follows: 
ll,"updateKey":null,"optionsURL":null,"optionsType":null,"aboutURL":null,"iconURL":null,"icon64URL":null,"defaultLocale":{"name":"Default","description":"The default theme.","creator":"Mozilla","homepageURL":null,"contributors":["Mozilla Contributors"]},"visible":true,"active":true,"userDisabled":false,"appDisabled":false,"descriptor":"C:\\Program Files (x86)\\Mozilla Firefox\\browser\\extensions\\{972ce4c6-7e08-4474-a285-3208198ce6fd}","installDate":1441103455045,"updateDate":1441103455045,"applyBackgroundUpdates":1,"skinnable":true,"size":23193,"sourceURI":null,"releaseNotesURI":null,"softDisabled":false,"foreignInstall":false,"hasBinaryComponents":false,"strictCompatibility":true,"locales":[],"targetApplications":[{"id":"{ec8030f7-c20a-464f-9b0e-13a3a9e97384}","minVersion":"40.0.3","maxVersion":"40.0.3"}],"targetPlatforms":[]}
1442554107856	addons.xpi	DEBUG	getModTime: Recursive scan of {972ce4c6-7e08-4474-a285-3208198ce6fd}
1442554107859	addons.xpi	DEBUG	Updating database with changes to installed add-ons
1442554107859	addons.xpi-utils	DEBUG	Updating add-on states
1442554107860	addons.xpi-utils	DEBUG	Writing add-ons list
1442554107876	addons.manager	DEBUG	Registering shutdown blocker for XPIProvider
1442554107894	addons.manager	DEBUG	Provider finished startup: XPIProvider
1442554107894	addons.manager	DEBUG	Starting provider: LightweightThemeManager
1442554107894	addons.manager	DEBUG	Registering shutdown blocker for LightweightThemeManager
1442554107894	addons.manager	DEBUG	Provider finished startup: LightweightThemeManager
1442554107895	addons.manager	DEBUG	Starting provider: GMPProvider
1442554107900	addons.manager	DEBUG	Registering shutdown blocker for GMPProvider
1442554107901	addons.manager	DEBUG	Provider finished startup: GMPProvider
1442554107901	addons.manager	DEBUG	Starting provider: PluginProvider
1442554107901	addons.manager	DEBUG	Registering shutdown blocker for PluginProvider
1442554107901	addons.manager	DEBUG	Provider finished startup: PluginProvider
1442554107901	addons.manager	DEBUG	Completed startup sequence
1442554113880	addons.manager	DEBUG	Starting provider: <unnamed-provider>
1442554113880	addons.manager	DEBUG	Registering shutdown blocker for <unnamed-provider>
1442554113880	addons.manager	DEBUG	Provider finished startup: <unnamed-provider>
1442554115105	DeferredSave.extensions.json	DEBUG	Starting write
1442554115627	addons.manager	DEBUG	shutdown
1442554115627	addons.manager	DEBUG	Calling shutdown blocker for XPIProvider
1442554115627	addons.xpi	DEBUG	shutdown
1442554115627	addons.xpi-utils	DEBUG	shutdown
1442554115628	addons.manager	DEBUG	Calling shutdown blocker for LightweightThemeManager
1442554115628	addons.manager	DEBUG	Calling shutdown blocker for GMPProvider
1442554115629	addons.manager	DEBUG	Calling shutdown blocker for PluginProvider
1442554115629	addons.manager	DEBUG	Calling shutdown blocker for <unnamed-provider>
1442554115729	addons.repository	DEBUG	No addons.json found.
1442554115749	DeferredSave.addons.json	DEBUG	Save changes
1442554115777	DeferredSave.addons.json	DEBUG	Starting timer
1442554115822	addons.manager	DEBUG	Starting provider: PreviousExperimentProvider
1442554115822	addons.manager	DEBUG	Registering shutdown blocker for PreviousExperimentProvider
1442554115824	addons.manager	DEBUG	Provider finished startup: PreviousExperimentProvider
1442554115825	addons.manager	DEBUG	Calling shutdown blocker for PreviousExperimentProvider
1442554115826	DeferredSave.extensions.json	DEBUG	Write succeeded
1442554115827	addons.xpi-utils	DEBUG	XPI Database saved, setting schema version preference to 17
1442554115827	addons.xpi	DEBUG	Notifying XPI shutdown observers
1442554115828	DeferredSave.addons.json	DEBUG	Starting write
1442554117949	DeferredSave.addons.json	DEBUG	Write succeeded
1442554117949	addons.manager	DEBUG	Async provider shutdown done
JavaScript error: resource://gre/modules/BookmarkHTMLUtils.jsm, line 884: NS_ERROR_UNEXPECTED: Component returned failure code: 0x8000ffff (NS_ERROR_UNEXPECTED) [nsINavBookmarksService.removeFolderChildren]

Build info: version: '2.45.0', revision: '32a636c', time: '2015-03-05 22:01:35'
System info: host: 'Abhilash', ip: '192.168.86.1', os.name: 'Windows 7', os.arch: 'amd64', os.version: '6.1', java.version: '1.8.0_31'
Driver info: driver.version: FirefoxDriver
	at org.openqa.selenium.firefox.internal.NewProfileExtensionConnection.start(NewProfileExtensionConnection.java:134)
	at org.openqa.selenium.firefox.FirefoxDriver.startClient(FirefoxDriver.java:246)
	at org.openqa.selenium.remote.RemoteWebDriver.<init>(RemoteWebDriver.java:114)
	at org.openqa.selenium.firefox.FirefoxDriver.<init>(FirefoxDriver.java:193)
	at org.openqa.selenium.firefox.FirefoxDriver.<init>(FirefoxDriver.java:186)
	at org.openqa.selenium.firefox.FirefoxDriver.<init>(FirefoxDriver.java:182)
	at org.openqa.selenium.firefox.FirefoxDriver.<init>(FirefoxDriver.java:95)
	at org.eigenrisk.commonutilities.SelectBrowser.selectBrowser(SelectBrowser.java:15)
	at com.eigenRisk.TestSuite.Program_Builder.openBrowser(Program_Builder.java:57)
	at sun.reflect.NativeMethodAccessorImpl.invoke0(Native Method)
	at sun.reflect.NativeMethodAccessorImpl.invoke(Unknown Source)
	at sun.reflect.DelegatingMethodAccessorImpl.invoke(Unknown Source)
	at java.lang.reflect.Method.invoke(Unknown Source)
	at org.testng.internal.MethodInvocationHelper.invokeMethod(MethodInvocationHelper.java:84)
	at org.testng.internal.Invoker.invokeConfigurationMethod(Invoker.java:564)
	at org.testng.internal.Invoker.invokeConfigurations(Invoker.java:213)
	at org.testng.internal.Invoker.invokeMethod(Invoker.java:653)
	at org.testng.internal.Invoker.invokeTestMethod(Invoker.java:901)
	at org.testng.internal.Invoker.invokeTestMethods(Invoker.java:1231)
	at org.testng.internal.TestMethodWorker.invokeTestMethods(TestMethodWorker.java:127)
	at org.testng.internal.TestMethodWorker.run(TestMethodWorker.java:111)
	at org.testng.TestRunner.privateRun(TestRunner.java:767)
	at org.testng.TestRunner.run(TestRunner.java:617)
	at org.testng.SuiteRunner.runTest(SuiteRunner.java:334)
	at org.testng.SuiteRunner.runSequentially(SuiteRunner.java:329)
	at org.testng.SuiteRunner.privateRun(SuiteRunner.java:291)
	at org.testng.SuiteRunner.run(SuiteRunner.java:240)
	at org.testng.SuiteRunnerWorker.runSuite(SuiteRunnerWorker.java:52)
	at org.testng.SuiteRunnerWorker.run(SuiteRunnerWorker.java:86)
	at org.testng.TestNG.runSuitesSequentially(TestNG.java:1224)
	at org.testng.TestNG.runSuitesLocally(TestNG.java:1149)
	at org.testng.TestNG.run(TestNG.java:1057)
	at org.testng.remote.RemoteTestNG.run(RemoteTestNG.java:111)
	at org.testng.remote.RemoteTestNG.initAndRun(RemoteTestNG.java:204)
	at org.testng.remote.RemoteTestNG.main(RemoteTestNG.java:175)
Caused by: org.openqa.selenium.WebDriverException: java.lang.InterruptedException: Process timed out after waiting for 45000 ms.
Build info: version: '2.45.0', revision: '32a636c', time: '2015-03-05 22:01:35'
System info: host: 'Abhilash', ip: '192.168.86.1', os.name: 'Windows 7', os.arch: 'amd64', os.version: '6.1', java.version: '1.8.0_31'
Driver info: driver.version: FirefoxDriver
	at org.openqa.selenium.os.CommandLine.waitFor(CommandLine.java:131)
	at org.openqa.selenium.firefox.FirefoxBinary.waitFor(FirefoxBinary.java:222)
	at org.openqa.selenium.firefox.FirefoxBinary.clean(FirefoxBinary.java:242)
	at org.openqa.selenium.firefox.internal.NewProfileExtensionConnection.start(NewProfileExtensionConnection.java:91)
	... 34 more
Caused by: java.lang.InterruptedException: Process timed out after waiting for 45000 ms.
	at org.openqa.selenium.os.UnixProcess.waitFor(UnixProcess.java:148)
	at org.openqa.selenium.os.CommandLine.waitFor(CommandLine.java:129)
	... 37 more
]]>
    </failure>
  </testcase> <!-- CheckDefaultProgramName -->
  <testcase name="EnterNewProgramName" time="0.001" classname="com.eigenRisk.TestSuite.Program_Builder">
    <failure type="org.openqa.selenium.WebDriverException" message="Failed to connect to binary FirefoxBinary(C:\Program Files (x86)\Mozilla Firefox\firefox.exe) on port 7055; process output follows: 
ll,&quot;updateKey&quot;:null,&quot;optionsURL&quot;:null,&quot;optionsType&quot;:null,&quot;aboutURL&quot;:null,&quot;iconURL&quot;:null,&quot;icon64URL&quot;:null,&quot;defaultLocale&quot;:{&quot;name&quot;:&quot;Default&quot;,&quot;description&quot;:&quot;The default theme.&quot;,&quot;creator&quot;:&quot;Mozilla&quot;,&quot;homepageURL&quot;:null,&quot;contributors&quot;:[&quot;Mozilla Contributors&quot;]},&quot;visible&quot;:true,&quot;active&quot;:true,&quot;userDisabled&quot;:false,&quot;appDisabled&quot;:false,&quot;descriptor&quot;:&quot;C:\\Program Files (x86)\\Mozilla Firefox\\browser\\extensions\\{972ce4c6-7e08-4474-a285-3208198ce6fd}&quot;,&quot;installDate&quot;:1441103455045,&quot;updateDate&quot;:1441103455045,&quot;applyBackgroundUpdates&quot;:1,&quot;skinnable&quot;:true,&quot;size&quot;:23193,&quot;sourceURI&quot;:null,&quot;releaseNotesURI&quot;:null,&quot;softDisabled&quot;:false,&quot;foreignInstall&quot;:false,&quot;hasBinaryComponents&quot;:false,&quot;strictCompatibility&quot;:true,&quot;locales&quot;:[],&quot;targetApplications&quot;:[{&quot;id&quot;:&quot;{ec8030f7-c20a-464f-9b0e-13a3a9e97384}&quot;,&quot;minVersion&quot;:&quot;40.0.3&quot;,&quot;maxVersion&quot;:&quot;40.0.3&quot;}],&quot;targetPlatforms&quot;:[]}
1442554107856	addons.xpi	DEBUG	getModTime: Recursive scan of {972ce4c6-7e08-4474-a285-3208198ce6fd}
1442554107859	addons.xpi	DEBUG	Updating database with changes to installed add-ons
1442554107859	addons.xpi-utils	DEBUG	Updating add-on states
1442554107860	addons.xpi-utils	DEBUG	Writing add-ons list
1442554107876	addons.manager	DEBUG	Registering shutdown blocker for XPIProvider
1442554107894	addons.manager	DEBUG	Provider finished startup: XPIProvider
1442554107894	addons.manager	DEBUG	Starting provider: LightweightThemeManager
1442554107894	addons.manager	DEBUG	Registering shutdown blocker for LightweightThemeManager
1442554107894	addons.manager	DEBUG	Provider finished startup: LightweightThemeManager
1442554107895	addons.manager	DEBUG	Starting provider: GMPProvider
1442554107900	addons.manager	DEBUG	Registering shutdown blocker for GMPProvider
1442554107901	addons.manager	DEBUG	Provider finished startup: GMPProvider
1442554107901	addons.manager	DEBUG	Starting provider: PluginProvider
1442554107901	addons.manager	DEBUG	Registering shutdown blocker for PluginProvider
1442554107901	addons.manager	DEBUG	Provider finished startup: PluginProvider
1442554107901	addons.manager	DEBUG	Completed startup sequence
1442554113880	addons.manager	DEBUG	Starting provider: &lt;unnamed-provider&gt;
1442554113880	addons.manager	DEBUG	Registering shutdown blocker for &lt;unnamed-provider&gt;
1442554113880	addons.manager	DEBUG	Provider finished startup: &lt;unnamed-provider&gt;
1442554115105	DeferredSave.extensions.json	DEBUG	Starting write
1442554115627	addons.manager	DEBUG	shutdown
1442554115627	addons.manager	DEBUG	Calling shutdown blocker for XPIProvider
1442554115627	addons.xpi	DEBUG	shutdown
1442554115627	addons.xpi-utils	DEBUG	shutdown
1442554115628	addons.manager	DEBUG	Calling shutdown blocker for LightweightThemeManager
1442554115628	addons.manager	DEBUG	Calling shutdown blocker for GMPProvider
1442554115629	addons.manager	DEBUG	Calling shutdown blocker for PluginProvider
1442554115629	addons.manager	DEBUG	Calling shutdown blocker for &lt;unnamed-provider&gt;
1442554115729	addons.repository	DEBUG	No addons.json found.
1442554115749	DeferredSave.addons.json	DEBUG	Save changes
1442554115777	DeferredSave.addons.json	DEBUG	Starting timer
1442554115822	addons.manager	DEBUG	Starting provider: PreviousExperimentProvider
1442554115822	addons.manager	DEBUG	Registering shutdown blocker for PreviousExperimentProvider
1442554115824	addons.manager	DEBUG	Provider finished startup: PreviousExperimentProvider
1442554115825	addons.manager	DEBUG	Calling shutdown blocker for PreviousExperimentProvider
1442554115826	DeferredSave.extensions.json	DEBUG	Write succeeded
1442554115827	addons.xpi-utils	DEBUG	XPI Database saved, setting schema version preference to 17
1442554115827	addons.xpi	DEBUG	Notifying XPI shutdown observers
1442554115828	DeferredSave.addons.json	DEBUG	Starting write
1442554117949	DeferredSave.addons.json	DEBUG	Write succeeded
1442554117949	addons.manager	DEBUG	Async provider shutdown done
JavaScript error: resource://gre/modules/BookmarkHTMLUtils.jsm, line 884: NS_ERROR_UNEXPECTED: Component returned failure code: 0x8000ffff (NS_ERROR_UNEXPECTED) [nsINavBookmarksService.removeFolderChildren]

Build info: version: &#039;2.45.0&#039;, revision: &#039;32a636c&#039;, time: &#039;2015-03-05 22:01:35&#039;
System info: host: &#039;Abhilash&#039;, ip: &#039;192.168.86.1&#039;, os.name: &#039;Windows 7&#039;, os.arch: &#039;amd64&#039;, os.version: &#039;6.1&#039;, java.version: &#039;1.8.0_31&#039;
Driver info: driver.version: FirefoxDriver">
      <![CDATA[org.openqa.selenium.WebDriverException: Failed to connect to binary FirefoxBinary(C:\Program Files (x86)\Mozilla Firefox\firefox.exe) on port 7055; process output follows: 
ll,"updateKey":null,"optionsURL":null,"optionsType":null,"aboutURL":null,"iconURL":null,"icon64URL":null,"defaultLocale":{"name":"Default","description":"The default theme.","creator":"Mozilla","homepageURL":null,"contributors":["Mozilla Contributors"]},"visible":true,"active":true,"userDisabled":false,"appDisabled":false,"descriptor":"C:\\Program Files (x86)\\Mozilla Firefox\\browser\\extensions\\{972ce4c6-7e08-4474-a285-3208198ce6fd}","installDate":1441103455045,"updateDate":1441103455045,"applyBackgroundUpdates":1,"skinnable":true,"size":23193,"sourceURI":null,"releaseNotesURI":null,"softDisabled":false,"foreignInstall":false,"hasBinaryComponents":false,"strictCompatibility":true,"locales":[],"targetApplications":[{"id":"{ec8030f7-c20a-464f-9b0e-13a3a9e97384}","minVersion":"40.0.3","maxVersion":"40.0.3"}],"targetPlatforms":[]}
1442554107856	addons.xpi	DEBUG	getModTime: Recursive scan of {972ce4c6-7e08-4474-a285-3208198ce6fd}
1442554107859	addons.xpi	DEBUG	Updating database with changes to installed add-ons
1442554107859	addons.xpi-utils	DEBUG	Updating add-on states
1442554107860	addons.xpi-utils	DEBUG	Writing add-ons list
1442554107876	addons.manager	DEBUG	Registering shutdown blocker for XPIProvider
1442554107894	addons.manager	DEBUG	Provider finished startup: XPIProvider
1442554107894	addons.manager	DEBUG	Starting provider: LightweightThemeManager
1442554107894	addons.manager	DEBUG	Registering shutdown blocker for LightweightThemeManager
1442554107894	addons.manager	DEBUG	Provider finished startup: LightweightThemeManager
1442554107895	addons.manager	DEBUG	Starting provider: GMPProvider
1442554107900	addons.manager	DEBUG	Registering shutdown blocker for GMPProvider
1442554107901	addons.manager	DEBUG	Provider finished startup: GMPProvider
1442554107901	addons.manager	DEBUG	Starting provider: PluginProvider
1442554107901	addons.manager	DEBUG	Registering shutdown blocker for PluginProvider
1442554107901	addons.manager	DEBUG	Provider finished startup: PluginProvider
1442554107901	addons.manager	DEBUG	Completed startup sequence
1442554113880	addons.manager	DEBUG	Starting provider: <unnamed-provider>
1442554113880	addons.manager	DEBUG	Registering shutdown blocker for <unnamed-provider>
1442554113880	addons.manager	DEBUG	Provider finished startup: <unnamed-provider>
1442554115105	DeferredSave.extensions.json	DEBUG	Starting write
1442554115627	addons.manager	DEBUG	shutdown
1442554115627	addons.manager	DEBUG	Calling shutdown blocker for XPIProvider
1442554115627	addons.xpi	DEBUG	shutdown
1442554115627	addons.xpi-utils	DEBUG	shutdown
1442554115628	addons.manager	DEBUG	Calling shutdown blocker for LightweightThemeManager
1442554115628	addons.manager	DEBUG	Calling shutdown blocker for GMPProvider
1442554115629	addons.manager	DEBUG	Calling shutdown blocker for PluginProvider
1442554115629	addons.manager	DEBUG	Calling shutdown blocker for <unnamed-provider>
1442554115729	addons.repository	DEBUG	No addons.json found.
1442554115749	DeferredSave.addons.json	DEBUG	Save changes
1442554115777	DeferredSave.addons.json	DEBUG	Starting timer
1442554115822	addons.manager	DEBUG	Starting provider: PreviousExperimentProvider
1442554115822	addons.manager	DEBUG	Registering shutdown blocker for PreviousExperimentProvider
1442554115824	addons.manager	DEBUG	Provider finished startup: PreviousExperimentProvider
1442554115825	addons.manager	DEBUG	Calling shutdown blocker for PreviousExperimentProvider
1442554115826	DeferredSave.extensions.json	DEBUG	Write succeeded
1442554115827	addons.xpi-utils	DEBUG	XPI Database saved, setting schema version preference to 17
1442554115827	addons.xpi	DEBUG	Notifying XPI shutdown observers
1442554115828	DeferredSave.addons.json	DEBUG	Starting write
1442554117949	DeferredSave.addons.json	DEBUG	Write succeeded
1442554117949	addons.manager	DEBUG	Async provider shutdown done
JavaScript error: resource://gre/modules/BookmarkHTMLUtils.jsm, line 884: NS_ERROR_UNEXPECTED: Component returned failure code: 0x8000ffff (NS_ERROR_UNEXPECTED) [nsINavBookmarksService.removeFolderChildren]

Build info: version: '2.45.0', revision: '32a636c', time: '2015-03-05 22:01:35'
System info: host: 'Abhilash', ip: '192.168.86.1', os.name: 'Windows 7', os.arch: 'amd64', os.version: '6.1', java.version: '1.8.0_31'
Driver info: driver.version: FirefoxDriver
	at org.openqa.selenium.firefox.internal.NewProfileExtensionConnection.start(NewProfileExtensionConnection.java:134)
	at org.openqa.selenium.firefox.FirefoxDriver.startClient(FirefoxDriver.java:246)
	at org.openqa.selenium.remote.RemoteWebDriver.<init>(RemoteWebDriver.java:114)
	at org.openqa.selenium.firefox.FirefoxDriver.<init>(FirefoxDriver.java:193)
	at org.openqa.selenium.firefox.FirefoxDriver.<init>(FirefoxDriver.java:186)
	at org.openqa.selenium.firefox.FirefoxDriver.<init>(FirefoxDriver.java:182)
	at org.openqa.selenium.firefox.FirefoxDriver.<init>(FirefoxDriver.java:95)
	at org.eigenrisk.commonutilities.SelectBrowser.selectBrowser(SelectBrowser.java:15)
	at com.eigenRisk.TestSuite.Program_Builder.openBrowser(Program_Builder.java:57)
	at sun.reflect.NativeMethodAccessorImpl.invoke0(Native Method)
	at sun.reflect.NativeMethodAccessorImpl.invoke(Unknown Source)
	at sun.reflect.DelegatingMethodAccessorImpl.invoke(Unknown Source)
	at java.lang.reflect.Method.invoke(Unknown Source)
	at org.testng.internal.MethodInvocationHelper.invokeMethod(MethodInvocationHelper.java:84)
	at org.testng.internal.Invoker.invokeConfigurationMethod(Invoker.java:564)
	at org.testng.internal.Invoker.invokeConfigurations(Invoker.java:213)
	at org.testng.internal.Invoker.invokeMethod(Invoker.java:653)
	at org.testng.internal.Invoker.invokeTestMethod(Invoker.java:901)
	at org.testng.internal.Invoker.invokeTestMethods(Invoker.java:1231)
	at org.testng.internal.TestMethodWorker.invokeTestMethods(TestMethodWorker.java:127)
	at org.testng.internal.TestMethodWorker.run(TestMethodWorker.java:111)
	at org.testng.TestRunner.privateRun(TestRunner.java:767)
	at org.testng.TestRunner.run(TestRunner.java:617)
	at org.testng.SuiteRunner.runTest(SuiteRunner.java:334)
	at org.testng.SuiteRunner.runSequentially(SuiteRunner.java:329)
	at org.testng.SuiteRunner.privateRun(SuiteRunner.java:291)
	at org.testng.SuiteRunner.run(SuiteRunner.java:240)
	at org.testng.SuiteRunnerWorker.runSuite(SuiteRunnerWorker.java:52)
	at org.testng.SuiteRunnerWorker.run(SuiteRunnerWorker.java:86)
	at org.testng.TestNG.runSuitesSequentially(TestNG.java:1224)
	at org.testng.TestNG.runSuitesLocally(TestNG.java:1149)
	at org.testng.TestNG.run(TestNG.java:1057)
	at org.testng.remote.RemoteTestNG.run(RemoteTestNG.java:111)
	at org.testng.remote.RemoteTestNG.initAndRun(RemoteTestNG.java:204)
	at org.testng.remote.RemoteTestNG.main(RemoteTestNG.java:175)
Caused by: org.openqa.selenium.WebDriverException: java.lang.InterruptedException: Process timed out after waiting for 45000 ms.
Build info: version: '2.45.0', revision: '32a636c', time: '2015-03-05 22:01:35'
System info: host: 'Abhilash', ip: '192.168.86.1', os.name: 'Windows 7', os.arch: 'amd64', os.version: '6.1', java.version: '1.8.0_31'
Driver info: driver.version: FirefoxDriver
	at org.openqa.selenium.os.CommandLine.waitFor(CommandLine.java:131)
	at org.openqa.selenium.firefox.FirefoxBinary.waitFor(FirefoxBinary.java:222)
	at org.openqa.selenium.firefox.FirefoxBinary.clean(FirefoxBinary.java:242)
	at org.openqa.selenium.firefox.internal.NewProfileExtensionConnection.start(NewProfileExtensionConnection.java:91)
	... 34 more
Caused by: java.lang.InterruptedException: Process timed out after waiting for 45000 ms.
	at org.openqa.selenium.os.UnixProcess.waitFor(UnixProcess.java:148)
	at org.openqa.selenium.os.CommandLine.waitFor(CommandLine.java:129)
	... 37 more
]]>
    </failure>
  </testcase> <!-- EnterNewProgramName -->
  <testcase name="ShareProgram" time="0.000" classname="com.eigenRisk.TestSuite.Program_Builder">
    <failure type="org.openqa.selenium.WebDriverException" message="Failed to connect to binary FirefoxBinary(C:\Program Files (x86)\Mozilla Firefox\firefox.exe) on port 7055; process output follows: 
ll,&quot;updateKey&quot;:null,&quot;optionsURL&quot;:null,&quot;optionsType&quot;:null,&quot;aboutURL&quot;:null,&quot;iconURL&quot;:null,&quot;icon64URL&quot;:null,&quot;defaultLocale&quot;:{&quot;name&quot;:&quot;Default&quot;,&quot;description&quot;:&quot;The default theme.&quot;,&quot;creator&quot;:&quot;Mozilla&quot;,&quot;homepageURL&quot;:null,&quot;contributors&quot;:[&quot;Mozilla Contributors&quot;]},&quot;visible&quot;:true,&quot;active&quot;:true,&quot;userDisabled&quot;:false,&quot;appDisabled&quot;:false,&quot;descriptor&quot;:&quot;C:\\Program Files (x86)\\Mozilla Firefox\\browser\\extensions\\{972ce4c6-7e08-4474-a285-3208198ce6fd}&quot;,&quot;installDate&quot;:1441103455045,&quot;updateDate&quot;:1441103455045,&quot;applyBackgroundUpdates&quot;:1,&quot;skinnable&quot;:true,&quot;size&quot;:23193,&quot;sourceURI&quot;:null,&quot;releaseNotesURI&quot;:null,&quot;softDisabled&quot;:false,&quot;foreignInstall&quot;:false,&quot;hasBinaryComponents&quot;:false,&quot;strictCompatibility&quot;:true,&quot;locales&quot;:[],&quot;targetApplications&quot;:[{&quot;id&quot;:&quot;{ec8030f7-c20a-464f-9b0e-13a3a9e97384}&quot;,&quot;minVersion&quot;:&quot;40.0.3&quot;,&quot;maxVersion&quot;:&quot;40.0.3&quot;}],&quot;targetPlatforms&quot;:[]}
1442554107856	addons.xpi	DEBUG	getModTime: Recursive scan of {972ce4c6-7e08-4474-a285-3208198ce6fd}
1442554107859	addons.xpi	DEBUG	Updating database with changes to installed add-ons
1442554107859	addons.xpi-utils	DEBUG	Updating add-on states
1442554107860	addons.xpi-utils	DEBUG	Writing add-ons list
1442554107876	addons.manager	DEBUG	Registering shutdown blocker for XPIProvider
1442554107894	addons.manager	DEBUG	Provider finished startup: XPIProvider
1442554107894	addons.manager	DEBUG	Starting provider: LightweightThemeManager
1442554107894	addons.manager	DEBUG	Registering shutdown blocker for LightweightThemeManager
1442554107894	addons.manager	DEBUG	Provider finished startup: LightweightThemeManager
1442554107895	addons.manager	DEBUG	Starting provider: GMPProvider
1442554107900	addons.manager	DEBUG	Registering shutdown blocker for GMPProvider
1442554107901	addons.manager	DEBUG	Provider finished startup: GMPProvider
1442554107901	addons.manager	DEBUG	Starting provider: PluginProvider
1442554107901	addons.manager	DEBUG	Registering shutdown blocker for PluginProvider
1442554107901	addons.manager	DEBUG	Provider finished startup: PluginProvider
1442554107901	addons.manager	DEBUG	Completed startup sequence
1442554113880	addons.manager	DEBUG	Starting provider: &lt;unnamed-provider&gt;
1442554113880	addons.manager	DEBUG	Registering shutdown blocker for &lt;unnamed-provider&gt;
1442554113880	addons.manager	DEBUG	Provider finished startup: &lt;unnamed-provider&gt;
1442554115105	DeferredSave.extensions.json	DEBUG	Starting write
1442554115627	addons.manager	DEBUG	shutdown
1442554115627	addons.manager	DEBUG	Calling shutdown blocker for XPIProvider
1442554115627	addons.xpi	DEBUG	shutdown
1442554115627	addons.xpi-utils	DEBUG	shutdown
1442554115628	addons.manager	DEBUG	Calling shutdown blocker for LightweightThemeManager
1442554115628	addons.manager	DEBUG	Calling shutdown blocker for GMPProvider
1442554115629	addons.manager	DEBUG	Calling shutdown blocker for PluginProvider
1442554115629	addons.manager	DEBUG	Calling shutdown blocker for &lt;unnamed-provider&gt;
1442554115729	addons.repository	DEBUG	No addons.json found.
1442554115749	DeferredSave.addons.json	DEBUG	Save changes
1442554115777	DeferredSave.addons.json	DEBUG	Starting timer
1442554115822	addons.manager	DEBUG	Starting provider: PreviousExperimentProvider
1442554115822	addons.manager	DEBUG	Registering shutdown blocker for PreviousExperimentProvider
1442554115824	addons.manager	DEBUG	Provider finished startup: PreviousExperimentProvider
1442554115825	addons.manager	DEBUG	Calling shutdown blocker for PreviousExperimentProvider
1442554115826	DeferredSave.extensions.json	DEBUG	Write succeeded
1442554115827	addons.xpi-utils	DEBUG	XPI Database saved, setting schema version preference to 17
1442554115827	addons.xpi	DEBUG	Notifying XPI shutdown observers
1442554115828	DeferredSave.addons.json	DEBUG	Starting write
1442554117949	DeferredSave.addons.json	DEBUG	Write succeeded
1442554117949	addons.manager	DEBUG	Async provider shutdown done
JavaScript error: resource://gre/modules/BookmarkHTMLUtils.jsm, line 884: NS_ERROR_UNEXPECTED: Component returned failure code: 0x8000ffff (NS_ERROR_UNEXPECTED) [nsINavBookmarksService.removeFolderChildren]

Build info: version: &#039;2.45.0&#039;, revision: &#039;32a636c&#039;, time: &#039;2015-03-05 22:01:35&#039;
System info: host: &#039;Abhilash&#039;, ip: &#039;192.168.86.1&#039;, os.name: &#039;Windows 7&#039;, os.arch: &#039;amd64&#039;, os.version: &#039;6.1&#039;, java.version: &#039;1.8.0_31&#039;
Driver info: driver.version: FirefoxDriver">
      <![CDATA[org.openqa.selenium.WebDriverException: Failed to connect to binary FirefoxBinary(C:\Program Files (x86)\Mozilla Firefox\firefox.exe) on port 7055; process output follows: 
ll,"updateKey":null,"optionsURL":null,"optionsType":null,"aboutURL":null,"iconURL":null,"icon64URL":null,"defaultLocale":{"name":"Default","description":"The default theme.","creator":"Mozilla","homepageURL":null,"contributors":["Mozilla Contributors"]},"visible":true,"active":true,"userDisabled":false,"appDisabled":false,"descriptor":"C:\\Program Files (x86)\\Mozilla Firefox\\browser\\extensions\\{972ce4c6-7e08-4474-a285-3208198ce6fd}","installDate":1441103455045,"updateDate":1441103455045,"applyBackgroundUpdates":1,"skinnable":true,"size":23193,"sourceURI":null,"releaseNotesURI":null,"softDisabled":false,"foreignInstall":false,"hasBinaryComponents":false,"strictCompatibility":true,"locales":[],"targetApplications":[{"id":"{ec8030f7-c20a-464f-9b0e-13a3a9e97384}","minVersion":"40.0.3","maxVersion":"40.0.3"}],"targetPlatforms":[]}
1442554107856	addons.xpi	DEBUG	getModTime: Recursive scan of {972ce4c6-7e08-4474-a285-3208198ce6fd}
1442554107859	addons.xpi	DEBUG	Updating database with changes to installed add-ons
1442554107859	addons.xpi-utils	DEBUG	Updating add-on states
1442554107860	addons.xpi-utils	DEBUG	Writing add-ons list
1442554107876	addons.manager	DEBUG	Registering shutdown blocker for XPIProvider
1442554107894	addons.manager	DEBUG	Provider finished startup: XPIProvider
1442554107894	addons.manager	DEBUG	Starting provider: LightweightThemeManager
1442554107894	addons.manager	DEBUG	Registering shutdown blocker for LightweightThemeManager
1442554107894	addons.manager	DEBUG	Provider finished startup: LightweightThemeManager
1442554107895	addons.manager	DEBUG	Starting provider: GMPProvider
1442554107900	addons.manager	DEBUG	Registering shutdown blocker for GMPProvider
1442554107901	addons.manager	DEBUG	Provider finished startup: GMPProvider
1442554107901	addons.manager	DEBUG	Starting provider: PluginProvider
1442554107901	addons.manager	DEBUG	Registering shutdown blocker for PluginProvider
1442554107901	addons.manager	DEBUG	Provider finished startup: PluginProvider
1442554107901	addons.manager	DEBUG	Completed startup sequence
1442554113880	addons.manager	DEBUG	Starting provider: <unnamed-provider>
1442554113880	addons.manager	DEBUG	Registering shutdown blocker for <unnamed-provider>
1442554113880	addons.manager	DEBUG	Provider finished startup: <unnamed-provider>
1442554115105	DeferredSave.extensions.json	DEBUG	Starting write
1442554115627	addons.manager	DEBUG	shutdown
1442554115627	addons.manager	DEBUG	Calling shutdown blocker for XPIProvider
1442554115627	addons.xpi	DEBUG	shutdown
1442554115627	addons.xpi-utils	DEBUG	shutdown
1442554115628	addons.manager	DEBUG	Calling shutdown blocker for LightweightThemeManager
1442554115628	addons.manager	DEBUG	Calling shutdown blocker for GMPProvider
1442554115629	addons.manager	DEBUG	Calling shutdown blocker for PluginProvider
1442554115629	addons.manager	DEBUG	Calling shutdown blocker for <unnamed-provider>
1442554115729	addons.repository	DEBUG	No addons.json found.
1442554115749	DeferredSave.addons.json	DEBUG	Save changes
1442554115777	DeferredSave.addons.json	DEBUG	Starting timer
1442554115822	addons.manager	DEBUG	Starting provider: PreviousExperimentProvider
1442554115822	addons.manager	DEBUG	Registering shutdown blocker for PreviousExperimentProvider
1442554115824	addons.manager	DEBUG	Provider finished startup: PreviousExperimentProvider
1442554115825	addons.manager	DEBUG	Calling shutdown blocker for PreviousExperimentProvider
1442554115826	DeferredSave.extensions.json	DEBUG	Write succeeded
1442554115827	addons.xpi-utils	DEBUG	XPI Database saved, setting schema version preference to 17
1442554115827	addons.xpi	DEBUG	Notifying XPI shutdown observers
1442554115828	DeferredSave.addons.json	DEBUG	Starting write
1442554117949	DeferredSave.addons.json	DEBUG	Write succeeded
1442554117949	addons.manager	DEBUG	Async provider shutdown done
JavaScript error: resource://gre/modules/BookmarkHTMLUtils.jsm, line 884: NS_ERROR_UNEXPECTED: Component returned failure code: 0x8000ffff (NS_ERROR_UNEXPECTED) [nsINavBookmarksService.removeFolderChildren]

Build info: version: '2.45.0', revision: '32a636c', time: '2015-03-05 22:01:35'
System info: host: 'Abhilash', ip: '192.168.86.1', os.name: 'Windows 7', os.arch: 'amd64', os.version: '6.1', java.version: '1.8.0_31'
Driver info: driver.version: FirefoxDriver
	at org.openqa.selenium.firefox.internal.NewProfileExtensionConnection.start(NewProfileExtensionConnection.java:134)
	at org.openqa.selenium.firefox.FirefoxDriver.startClient(FirefoxDriver.java:246)
	at org.openqa.selenium.remote.RemoteWebDriver.<init>(RemoteWebDriver.java:114)
	at org.openqa.selenium.firefox.FirefoxDriver.<init>(FirefoxDriver.java:193)
	at org.openqa.selenium.firefox.FirefoxDriver.<init>(FirefoxDriver.java:186)
	at org.openqa.selenium.firefox.FirefoxDriver.<init>(FirefoxDriver.java:182)
	at org.openqa.selenium.firefox.FirefoxDriver.<init>(FirefoxDriver.java:95)
	at org.eigenrisk.commonutilities.SelectBrowser.selectBrowser(SelectBrowser.java:15)
	at com.eigenRisk.TestSuite.Program_Builder.openBrowser(Program_Builder.java:57)
	at sun.reflect.NativeMethodAccessorImpl.invoke0(Native Method)
	at sun.reflect.NativeMethodAccessorImpl.invoke(Unknown Source)
	at sun.reflect.DelegatingMethodAccessorImpl.invoke(Unknown Source)
	at java.lang.reflect.Method.invoke(Unknown Source)
	at org.testng.internal.MethodInvocationHelper.invokeMethod(MethodInvocationHelper.java:84)
	at org.testng.internal.Invoker.invokeConfigurationMethod(Invoker.java:564)
	at org.testng.internal.Invoker.invokeConfigurations(Invoker.java:213)
	at org.testng.internal.Invoker.invokeMethod(Invoker.java:653)
	at org.testng.internal.Invoker.invokeTestMethod(Invoker.java:901)
	at org.testng.internal.Invoker.invokeTestMethods(Invoker.java:1231)
	at org.testng.internal.TestMethodWorker.invokeTestMethods(TestMethodWorker.java:127)
	at org.testng.internal.TestMethodWorker.run(TestMethodWorker.java:111)
	at org.testng.TestRunner.privateRun(TestRunner.java:767)
	at org.testng.TestRunner.run(TestRunner.java:617)
	at org.testng.SuiteRunner.runTest(SuiteRunner.java:334)
	at org.testng.SuiteRunner.runSequentially(SuiteRunner.java:329)
	at org.testng.SuiteRunner.privateRun(SuiteRunner.java:291)
	at org.testng.SuiteRunner.run(SuiteRunner.java:240)
	at org.testng.SuiteRunnerWorker.runSuite(SuiteRunnerWorker.java:52)
	at org.testng.SuiteRunnerWorker.run(SuiteRunnerWorker.java:86)
	at org.testng.TestNG.runSuitesSequentially(TestNG.java:1224)
	at org.testng.TestNG.runSuitesLocally(TestNG.java:1149)
	at org.testng.TestNG.run(TestNG.java:1057)
	at org.testng.remote.RemoteTestNG.run(RemoteTestNG.java:111)
	at org.testng.remote.RemoteTestNG.initAndRun(RemoteTestNG.java:204)
	at org.testng.remote.RemoteTestNG.main(RemoteTestNG.java:175)
Caused by: org.openqa.selenium.WebDriverException: java.lang.InterruptedException: Process timed out after waiting for 45000 ms.
Build info: version: '2.45.0', revision: '32a636c', time: '2015-03-05 22:01:35'
System info: host: 'Abhilash', ip: '192.168.86.1', os.name: 'Windows 7', os.arch: 'amd64', os.version: '6.1', java.version: '1.8.0_31'
Driver info: driver.version: FirefoxDriver
	at org.openqa.selenium.os.CommandLine.waitFor(CommandLine.java:131)
	at org.openqa.selenium.firefox.FirefoxBinary.waitFor(FirefoxBinary.java:222)
	at org.openqa.selenium.firefox.FirefoxBinary.clean(FirefoxBinary.java:242)
	at org.openqa.selenium.firefox.internal.NewProfileExtensionConnection.start(NewProfileExtensionConnection.java:91)
	... 34 more
Caused by: java.lang.InterruptedException: Process timed out after waiting for 45000 ms.
	at org.openqa.selenium.os.UnixProcess.waitFor(UnixProcess.java:148)
	at org.openqa.selenium.os.CommandLine.waitFor(CommandLine.java:129)
	... 37 more
]]>
    </failure>
  </testcase> <!-- ShareProgram -->
  <testcase name="DetailView" time="0.000" classname="com.eigenRisk.TestSuite.Program_Builder">
    <failure type="org.openqa.selenium.WebDriverException" message="Failed to connect to binary FirefoxBinary(C:\Program Files (x86)\Mozilla Firefox\firefox.exe) on port 7055; process output follows: 
ll,&quot;updateKey&quot;:null,&quot;optionsURL&quot;:null,&quot;optionsType&quot;:null,&quot;aboutURL&quot;:null,&quot;iconURL&quot;:null,&quot;icon64URL&quot;:null,&quot;defaultLocale&quot;:{&quot;name&quot;:&quot;Default&quot;,&quot;description&quot;:&quot;The default theme.&quot;,&quot;creator&quot;:&quot;Mozilla&quot;,&quot;homepageURL&quot;:null,&quot;contributors&quot;:[&quot;Mozilla Contributors&quot;]},&quot;visible&quot;:true,&quot;active&quot;:true,&quot;userDisabled&quot;:false,&quot;appDisabled&quot;:false,&quot;descriptor&quot;:&quot;C:\\Program Files (x86)\\Mozilla Firefox\\browser\\extensions\\{972ce4c6-7e08-4474-a285-3208198ce6fd}&quot;,&quot;installDate&quot;:1441103455045,&quot;updateDate&quot;:1441103455045,&quot;applyBackgroundUpdates&quot;:1,&quot;skinnable&quot;:true,&quot;size&quot;:23193,&quot;sourceURI&quot;:null,&quot;releaseNotesURI&quot;:null,&quot;softDisabled&quot;:false,&quot;foreignInstall&quot;:false,&quot;hasBinaryComponents&quot;:false,&quot;strictCompatibility&quot;:true,&quot;locales&quot;:[],&quot;targetApplications&quot;:[{&quot;id&quot;:&quot;{ec8030f7-c20a-464f-9b0e-13a3a9e97384}&quot;,&quot;minVersion&quot;:&quot;40.0.3&quot;,&quot;maxVersion&quot;:&quot;40.0.3&quot;}],&quot;targetPlatforms&quot;:[]}
1442554107856	addons.xpi	DEBUG	getModTime: Recursive scan of {972ce4c6-7e08-4474-a285-3208198ce6fd}
1442554107859	addons.xpi	DEBUG	Updating database with changes to installed add-ons
1442554107859	addons.xpi-utils	DEBUG	Updating add-on states
1442554107860	addons.xpi-utils	DEBUG	Writing add-ons list
1442554107876	addons.manager	DEBUG	Registering shutdown blocker for XPIProvider
1442554107894	addons.manager	DEBUG	Provider finished startup: XPIProvider
1442554107894	addons.manager	DEBUG	Starting provider: LightweightThemeManager
1442554107894	addons.manager	DEBUG	Registering shutdown blocker for LightweightThemeManager
1442554107894	addons.manager	DEBUG	Provider finished startup: LightweightThemeManager
1442554107895	addons.manager	DEBUG	Starting provider: GMPProvider
1442554107900	addons.manager	DEBUG	Registering shutdown blocker for GMPProvider
1442554107901	addons.manager	DEBUG	Provider finished startup: GMPProvider
1442554107901	addons.manager	DEBUG	Starting provider: PluginProvider
1442554107901	addons.manager	DEBUG	Registering shutdown blocker for PluginProvider
1442554107901	addons.manager	DEBUG	Provider finished startup: PluginProvider
1442554107901	addons.manager	DEBUG	Completed startup sequence
1442554113880	addons.manager	DEBUG	Starting provider: &lt;unnamed-provider&gt;
1442554113880	addons.manager	DEBUG	Registering shutdown blocker for &lt;unnamed-provider&gt;
1442554113880	addons.manager	DEBUG	Provider finished startup: &lt;unnamed-provider&gt;
1442554115105	DeferredSave.extensions.json	DEBUG	Starting write
1442554115627	addons.manager	DEBUG	shutdown
1442554115627	addons.manager	DEBUG	Calling shutdown blocker for XPIProvider
1442554115627	addons.xpi	DEBUG	shutdown
1442554115627	addons.xpi-utils	DEBUG	shutdown
1442554115628	addons.manager	DEBUG	Calling shutdown blocker for LightweightThemeManager
1442554115628	addons.manager	DEBUG	Calling shutdown blocker for GMPProvider
1442554115629	addons.manager	DEBUG	Calling shutdown blocker for PluginProvider
1442554115629	addons.manager	DEBUG	Calling shutdown blocker for &lt;unnamed-provider&gt;
1442554115729	addons.repository	DEBUG	No addons.json found.
1442554115749	DeferredSave.addons.json	DEBUG	Save changes
1442554115777	DeferredSave.addons.json	DEBUG	Starting timer
1442554115822	addons.manager	DEBUG	Starting provider: PreviousExperimentProvider
1442554115822	addons.manager	DEBUG	Registering shutdown blocker for PreviousExperimentProvider
1442554115824	addons.manager	DEBUG	Provider finished startup: PreviousExperimentProvider
1442554115825	addons.manager	DEBUG	Calling shutdown blocker for PreviousExperimentProvider
1442554115826	DeferredSave.extensions.json	DEBUG	Write succeeded
1442554115827	addons.xpi-utils	DEBUG	XPI Database saved, setting schema version preference to 17
1442554115827	addons.xpi	DEBUG	Notifying XPI shutdown observers
1442554115828	DeferredSave.addons.json	DEBUG	Starting write
1442554117949	DeferredSave.addons.json	DEBUG	Write succeeded
1442554117949	addons.manager	DEBUG	Async provider shutdown done
JavaScript error: resource://gre/modules/BookmarkHTMLUtils.jsm, line 884: NS_ERROR_UNEXPECTED: Component returned failure code: 0x8000ffff (NS_ERROR_UNEXPECTED) [nsINavBookmarksService.removeFolderChildren]

Build info: version: &#039;2.45.0&#039;, revision: &#039;32a636c&#039;, time: &#039;2015-03-05 22:01:35&#039;
System info: host: &#039;Abhilash&#039;, ip: &#039;192.168.86.1&#039;, os.name: &#039;Windows 7&#039;, os.arch: &#039;amd64&#039;, os.version: &#039;6.1&#039;, java.version: &#039;1.8.0_31&#039;
Driver info: driver.version: FirefoxDriver">
      <![CDATA[org.openqa.selenium.WebDriverException: Failed to connect to binary FirefoxBinary(C:\Program Files (x86)\Mozilla Firefox\firefox.exe) on port 7055; process output follows: 
ll,"updateKey":null,"optionsURL":null,"optionsType":null,"aboutURL":null,"iconURL":null,"icon64URL":null,"defaultLocale":{"name":"Default","description":"The default theme.","creator":"Mozilla","homepageURL":null,"contributors":["Mozilla Contributors"]},"visible":true,"active":true,"userDisabled":false,"appDisabled":false,"descriptor":"C:\\Program Files (x86)\\Mozilla Firefox\\browser\\extensions\\{972ce4c6-7e08-4474-a285-3208198ce6fd}","installDate":1441103455045,"updateDate":1441103455045,"applyBackgroundUpdates":1,"skinnable":true,"size":23193,"sourceURI":null,"releaseNotesURI":null,"softDisabled":false,"foreignInstall":false,"hasBinaryComponents":false,"strictCompatibility":true,"locales":[],"targetApplications":[{"id":"{ec8030f7-c20a-464f-9b0e-13a3a9e97384}","minVersion":"40.0.3","maxVersion":"40.0.3"}],"targetPlatforms":[]}
1442554107856	addons.xpi	DEBUG	getModTime: Recursive scan of {972ce4c6-7e08-4474-a285-3208198ce6fd}
1442554107859	addons.xpi	DEBUG	Updating database with changes to installed add-ons
1442554107859	addons.xpi-utils	DEBUG	Updating add-on states
1442554107860	addons.xpi-utils	DEBUG	Writing add-ons list
1442554107876	addons.manager	DEBUG	Registering shutdown blocker for XPIProvider
1442554107894	addons.manager	DEBUG	Provider finished startup: XPIProvider
1442554107894	addons.manager	DEBUG	Starting provider: LightweightThemeManager
1442554107894	addons.manager	DEBUG	Registering shutdown blocker for LightweightThemeManager
1442554107894	addons.manager	DEBUG	Provider finished startup: LightweightThemeManager
1442554107895	addons.manager	DEBUG	Starting provider: GMPProvider
1442554107900	addons.manager	DEBUG	Registering shutdown blocker for GMPProvider
1442554107901	addons.manager	DEBUG	Provider finished startup: GMPProvider
1442554107901	addons.manager	DEBUG	Starting provider: PluginProvider
1442554107901	addons.manager	DEBUG	Registering shutdown blocker for PluginProvider
1442554107901	addons.manager	DEBUG	Provider finished startup: PluginProvider
1442554107901	addons.manager	DEBUG	Completed startup sequence
1442554113880	addons.manager	DEBUG	Starting provider: <unnamed-provider>
1442554113880	addons.manager	DEBUG	Registering shutdown blocker for <unnamed-provider>
1442554113880	addons.manager	DEBUG	Provider finished startup: <unnamed-provider>
1442554115105	DeferredSave.extensions.json	DEBUG	Starting write
1442554115627	addons.manager	DEBUG	shutdown
1442554115627	addons.manager	DEBUG	Calling shutdown blocker for XPIProvider
1442554115627	addons.xpi	DEBUG	shutdown
1442554115627	addons.xpi-utils	DEBUG	shutdown
1442554115628	addons.manager	DEBUG	Calling shutdown blocker for LightweightThemeManager
1442554115628	addons.manager	DEBUG	Calling shutdown blocker for GMPProvider
1442554115629	addons.manager	DEBUG	Calling shutdown blocker for PluginProvider
1442554115629	addons.manager	DEBUG	Calling shutdown blocker for <unnamed-provider>
1442554115729	addons.repository	DEBUG	No addons.json found.
1442554115749	DeferredSave.addons.json	DEBUG	Save changes
1442554115777	DeferredSave.addons.json	DEBUG	Starting timer
1442554115822	addons.manager	DEBUG	Starting provider: PreviousExperimentProvider
1442554115822	addons.manager	DEBUG	Registering shutdown blocker for PreviousExperimentProvider
1442554115824	addons.manager	DEBUG	Provider finished startup: PreviousExperimentProvider
1442554115825	addons.manager	DEBUG	Calling shutdown blocker for PreviousExperimentProvider
1442554115826	DeferredSave.extensions.json	DEBUG	Write succeeded
1442554115827	addons.xpi-utils	DEBUG	XPI Database saved, setting schema version preference to 17
1442554115827	addons.xpi	DEBUG	Notifying XPI shutdown observers
1442554115828	DeferredSave.addons.json	DEBUG	Starting write
1442554117949	DeferredSave.addons.json	DEBUG	Write succeeded
1442554117949	addons.manager	DEBUG	Async provider shutdown done
JavaScript error: resource://gre/modules/BookmarkHTMLUtils.jsm, line 884: NS_ERROR_UNEXPECTED: Component returned failure code: 0x8000ffff (NS_ERROR_UNEXPECTED) [nsINavBookmarksService.removeFolderChildren]

Build info: version: '2.45.0', revision: '32a636c', time: '2015-03-05 22:01:35'
System info: host: 'Abhilash', ip: '192.168.86.1', os.name: 'Windows 7', os.arch: 'amd64', os.version: '6.1', java.version: '1.8.0_31'
Driver info: driver.version: FirefoxDriver
	at org.openqa.selenium.firefox.internal.NewProfileExtensionConnection.start(NewProfileExtensionConnection.java:134)
	at org.openqa.selenium.firefox.FirefoxDriver.startClient(FirefoxDriver.java:246)
	at org.openqa.selenium.remote.RemoteWebDriver.<init>(RemoteWebDriver.java:114)
	at org.openqa.selenium.firefox.FirefoxDriver.<init>(FirefoxDriver.java:193)
	at org.openqa.selenium.firefox.FirefoxDriver.<init>(FirefoxDriver.java:186)
	at org.openqa.selenium.firefox.FirefoxDriver.<init>(FirefoxDriver.java:182)
	at org.openqa.selenium.firefox.FirefoxDriver.<init>(FirefoxDriver.java:95)
	at org.eigenrisk.commonutilities.SelectBrowser.selectBrowser(SelectBrowser.java:15)
	at com.eigenRisk.TestSuite.Program_Builder.openBrowser(Program_Builder.java:57)
	at sun.reflect.NativeMethodAccessorImpl.invoke0(Native Method)
	at sun.reflect.NativeMethodAccessorImpl.invoke(Unknown Source)
	at sun.reflect.DelegatingMethodAccessorImpl.invoke(Unknown Source)
	at java.lang.reflect.Method.invoke(Unknown Source)
	at org.testng.internal.MethodInvocationHelper.invokeMethod(MethodInvocationHelper.java:84)
	at org.testng.internal.Invoker.invokeConfigurationMethod(Invoker.java:564)
	at org.testng.internal.Invoker.invokeConfigurations(Invoker.java:213)
	at org.testng.internal.Invoker.invokeMethod(Invoker.java:653)
	at org.testng.internal.Invoker.invokeTestMethod(Invoker.java:901)
	at org.testng.internal.Invoker.invokeTestMethods(Invoker.java:1231)
	at org.testng.internal.TestMethodWorker.invokeTestMethods(TestMethodWorker.java:127)
	at org.testng.internal.TestMethodWorker.run(TestMethodWorker.java:111)
	at org.testng.TestRunner.privateRun(TestRunner.java:767)
	at org.testng.TestRunner.run(TestRunner.java:617)
	at org.testng.SuiteRunner.runTest(SuiteRunner.java:334)
	at org.testng.SuiteRunner.runSequentially(SuiteRunner.java:329)
	at org.testng.SuiteRunner.privateRun(SuiteRunner.java:291)
	at org.testng.SuiteRunner.run(SuiteRunner.java:240)
	at org.testng.SuiteRunnerWorker.runSuite(SuiteRunnerWorker.java:52)
	at org.testng.SuiteRunnerWorker.run(SuiteRunnerWorker.java:86)
	at org.testng.TestNG.runSuitesSequentially(TestNG.java:1224)
	at org.testng.TestNG.runSuitesLocally(TestNG.java:1149)
	at org.testng.TestNG.run(TestNG.java:1057)
	at org.testng.remote.RemoteTestNG.run(RemoteTestNG.java:111)
	at org.testng.remote.RemoteTestNG.initAndRun(RemoteTestNG.java:204)
	at org.testng.remote.RemoteTestNG.main(RemoteTestNG.java:175)
Caused by: org.openqa.selenium.WebDriverException: java.lang.InterruptedException: Process timed out after waiting for 45000 ms.
Build info: version: '2.45.0', revision: '32a636c', time: '2015-03-05 22:01:35'
System info: host: 'Abhilash', ip: '192.168.86.1', os.name: 'Windows 7', os.arch: 'amd64', os.version: '6.1', java.version: '1.8.0_31'
Driver info: driver.version: FirefoxDriver
	at org.openqa.selenium.os.CommandLine.waitFor(CommandLine.java:131)
	at org.openqa.selenium.firefox.FirefoxBinary.waitFor(FirefoxBinary.java:222)
	at org.openqa.selenium.firefox.FirefoxBinary.clean(FirefoxBinary.java:242)
	at org.openqa.selenium.firefox.internal.NewProfileExtensionConnection.start(NewProfileExtensionConnection.java:91)
	... 34 more
Caused by: java.lang.InterruptedException: Process timed out after waiting for 45000 ms.
	at org.openqa.selenium.os.UnixProcess.waitFor(UnixProcess.java:148)
	at org.openqa.selenium.os.CommandLine.waitFor(CommandLine.java:129)
	... 37 more
]]>
    </failure>
  </testcase> <!-- DetailView -->
  <testcase name="PB_OpenProgramBuilder" time="0.002" classname="com.eigenRisk.TestSuite.Program_Builder">
    <failure type="org.openqa.selenium.WebDriverException" message="Failed to connect to binary FirefoxBinary(C:\Program Files (x86)\Mozilla Firefox\firefox.exe) on port 7055; process output follows: 
ll,&quot;updateKey&quot;:null,&quot;optionsURL&quot;:null,&quot;optionsType&quot;:null,&quot;aboutURL&quot;:null,&quot;iconURL&quot;:null,&quot;icon64URL&quot;:null,&quot;defaultLocale&quot;:{&quot;name&quot;:&quot;Default&quot;,&quot;description&quot;:&quot;The default theme.&quot;,&quot;creator&quot;:&quot;Mozilla&quot;,&quot;homepageURL&quot;:null,&quot;contributors&quot;:[&quot;Mozilla Contributors&quot;]},&quot;visible&quot;:true,&quot;active&quot;:true,&quot;userDisabled&quot;:false,&quot;appDisabled&quot;:false,&quot;descriptor&quot;:&quot;C:\\Program Files (x86)\\Mozilla Firefox\\browser\\extensions\\{972ce4c6-7e08-4474-a285-3208198ce6fd}&quot;,&quot;installDate&quot;:1441103455045,&quot;updateDate&quot;:1441103455045,&quot;applyBackgroundUpdates&quot;:1,&quot;skinnable&quot;:true,&quot;size&quot;:23193,&quot;sourceURI&quot;:null,&quot;releaseNotesURI&quot;:null,&quot;softDisabled&quot;:false,&quot;foreignInstall&quot;:false,&quot;hasBinaryComponents&quot;:false,&quot;strictCompatibility&quot;:true,&quot;locales&quot;:[],&quot;targetApplications&quot;:[{&quot;id&quot;:&quot;{ec8030f7-c20a-464f-9b0e-13a3a9e97384}&quot;,&quot;minVersion&quot;:&quot;40.0.3&quot;,&quot;maxVersion&quot;:&quot;40.0.3&quot;}],&quot;targetPlatforms&quot;:[]}
1442554107856	addons.xpi	DEBUG	getModTime: Recursive scan of {972ce4c6-7e08-4474-a285-3208198ce6fd}
1442554107859	addons.xpi	DEBUG	Updating database with changes to installed add-ons
1442554107859	addons.xpi-utils	DEBUG	Updating add-on states
1442554107860	addons.xpi-utils	DEBUG	Writing add-ons list
1442554107876	addons.manager	DEBUG	Registering shutdown blocker for XPIProvider
1442554107894	addons.manager	DEBUG	Provider finished startup: XPIProvider
1442554107894	addons.manager	DEBUG	Starting provider: LightweightThemeManager
1442554107894	addons.manager	DEBUG	Registering shutdown blocker for LightweightThemeManager
1442554107894	addons.manager	DEBUG	Provider finished startup: LightweightThemeManager
1442554107895	addons.manager	DEBUG	Starting provider: GMPProvider
1442554107900	addons.manager	DEBUG	Registering shutdown blocker for GMPProvider
1442554107901	addons.manager	DEBUG	Provider finished startup: GMPProvider
1442554107901	addons.manager	DEBUG	Starting provider: PluginProvider
1442554107901	addons.manager	DEBUG	Registering shutdown blocker for PluginProvider
1442554107901	addons.manager	DEBUG	Provider finished startup: PluginProvider
1442554107901	addons.manager	DEBUG	Completed startup sequence
1442554113880	addons.manager	DEBUG	Starting provider: &lt;unnamed-provider&gt;
1442554113880	addons.manager	DEBUG	Registering shutdown blocker for &lt;unnamed-provider&gt;
1442554113880	addons.manager	DEBUG	Provider finished startup: &lt;unnamed-provider&gt;
1442554115105	DeferredSave.extensions.json	DEBUG	Starting write
1442554115627	addons.manager	DEBUG	shutdown
1442554115627	addons.manager	DEBUG	Calling shutdown blocker for XPIProvider
1442554115627	addons.xpi	DEBUG	shutdown
1442554115627	addons.xpi-utils	DEBUG	shutdown
1442554115628	addons.manager	DEBUG	Calling shutdown blocker for LightweightThemeManager
1442554115628	addons.manager	DEBUG	Calling shutdown blocker for GMPProvider
1442554115629	addons.manager	DEBUG	Calling shutdown blocker for PluginProvider
1442554115629	addons.manager	DEBUG	Calling shutdown blocker for &lt;unnamed-provider&gt;
1442554115729	addons.repository	DEBUG	No addons.json found.
1442554115749	DeferredSave.addons.json	DEBUG	Save changes
1442554115777	DeferredSave.addons.json	DEBUG	Starting timer
1442554115822	addons.manager	DEBUG	Starting provider: PreviousExperimentProvider
1442554115822	addons.manager	DEBUG	Registering shutdown blocker for PreviousExperimentProvider
1442554115824	addons.manager	DEBUG	Provider finished startup: PreviousExperimentProvider
1442554115825	addons.manager	DEBUG	Calling shutdown blocker for PreviousExperimentProvider
1442554115826	DeferredSave.extensions.json	DEBUG	Write succeeded
1442554115827	addons.xpi-utils	DEBUG	XPI Database saved, setting schema version preference to 17
1442554115827	addons.xpi	DEBUG	Notifying XPI shutdown observers
1442554115828	DeferredSave.addons.json	DEBUG	Starting write
1442554117949	DeferredSave.addons.json	DEBUG	Write succeeded
1442554117949	addons.manager	DEBUG	Async provider shutdown done
JavaScript error: resource://gre/modules/BookmarkHTMLUtils.jsm, line 884: NS_ERROR_UNEXPECTED: Component returned failure code: 0x8000ffff (NS_ERROR_UNEXPECTED) [nsINavBookmarksService.removeFolderChildren]

Build info: version: &#039;2.45.0&#039;, revision: &#039;32a636c&#039;, time: &#039;2015-03-05 22:01:35&#039;
System info: host: &#039;Abhilash&#039;, ip: &#039;192.168.86.1&#039;, os.name: &#039;Windows 7&#039;, os.arch: &#039;amd64&#039;, os.version: &#039;6.1&#039;, java.version: &#039;1.8.0_31&#039;
Driver info: driver.version: FirefoxDriver">
      <![CDATA[org.openqa.selenium.WebDriverException: Failed to connect to binary FirefoxBinary(C:\Program Files (x86)\Mozilla Firefox\firefox.exe) on port 7055; process output follows: 
ll,"updateKey":null,"optionsURL":null,"optionsType":null,"aboutURL":null,"iconURL":null,"icon64URL":null,"defaultLocale":{"name":"Default","description":"The default theme.","creator":"Mozilla","homepageURL":null,"contributors":["Mozilla Contributors"]},"visible":true,"active":true,"userDisabled":false,"appDisabled":false,"descriptor":"C:\\Program Files (x86)\\Mozilla Firefox\\browser\\extensions\\{972ce4c6-7e08-4474-a285-3208198ce6fd}","installDate":1441103455045,"updateDate":1441103455045,"applyBackgroundUpdates":1,"skinnable":true,"size":23193,"sourceURI":null,"releaseNotesURI":null,"softDisabled":false,"foreignInstall":false,"hasBinaryComponents":false,"strictCompatibility":true,"locales":[],"targetApplications":[{"id":"{ec8030f7-c20a-464f-9b0e-13a3a9e97384}","minVersion":"40.0.3","maxVersion":"40.0.3"}],"targetPlatforms":[]}
1442554107856	addons.xpi	DEBUG	getModTime: Recursive scan of {972ce4c6-7e08-4474-a285-3208198ce6fd}
1442554107859	addons.xpi	DEBUG	Updating database with changes to installed add-ons
1442554107859	addons.xpi-utils	DEBUG	Updating add-on states
1442554107860	addons.xpi-utils	DEBUG	Writing add-ons list
1442554107876	addons.manager	DEBUG	Registering shutdown blocker for XPIProvider
1442554107894	addons.manager	DEBUG	Provider finished startup: XPIProvider
1442554107894	addons.manager	DEBUG	Starting provider: LightweightThemeManager
1442554107894	addons.manager	DEBUG	Registering shutdown blocker for LightweightThemeManager
1442554107894	addons.manager	DEBUG	Provider finished startup: LightweightThemeManager
1442554107895	addons.manager	DEBUG	Starting provider: GMPProvider
1442554107900	addons.manager	DEBUG	Registering shutdown blocker for GMPProvider
1442554107901	addons.manager	DEBUG	Provider finished startup: GMPProvider
1442554107901	addons.manager	DEBUG	Starting provider: PluginProvider
1442554107901	addons.manager	DEBUG	Registering shutdown blocker for PluginProvider
1442554107901	addons.manager	DEBUG	Provider finished startup: PluginProvider
1442554107901	addons.manager	DEBUG	Completed startup sequence
1442554113880	addons.manager	DEBUG	Starting provider: <unnamed-provider>
1442554113880	addons.manager	DEBUG	Registering shutdown blocker for <unnamed-provider>
1442554113880	addons.manager	DEBUG	Provider finished startup: <unnamed-provider>
1442554115105	DeferredSave.extensions.json	DEBUG	Starting write
1442554115627	addons.manager	DEBUG	shutdown
1442554115627	addons.manager	DEBUG	Calling shutdown blocker for XPIProvider
1442554115627	addons.xpi	DEBUG	shutdown
1442554115627	addons.xpi-utils	DEBUG	shutdown
1442554115628	addons.manager	DEBUG	Calling shutdown blocker for LightweightThemeManager
1442554115628	addons.manager	DEBUG	Calling shutdown blocker for GMPProvider
1442554115629	addons.manager	DEBUG	Calling shutdown blocker for PluginProvider
1442554115629	addons.manager	DEBUG	Calling shutdown blocker for <unnamed-provider>
1442554115729	addons.repository	DEBUG	No addons.json found.
1442554115749	DeferredSave.addons.json	DEBUG	Save changes
1442554115777	DeferredSave.addons.json	DEBUG	Starting timer
1442554115822	addons.manager	DEBUG	Starting provider: PreviousExperimentProvider
1442554115822	addons.manager	DEBUG	Registering shutdown blocker for PreviousExperimentProvider
1442554115824	addons.manager	DEBUG	Provider finished startup: PreviousExperimentProvider
1442554115825	addons.manager	DEBUG	Calling shutdown blocker for PreviousExperimentProvider
1442554115826	DeferredSave.extensions.json	DEBUG	Write succeeded
1442554115827	addons.xpi-utils	DEBUG	XPI Database saved, setting schema version preference to 17
1442554115827	addons.xpi	DEBUG	Notifying XPI shutdown observers
1442554115828	DeferredSave.addons.json	DEBUG	Starting write
1442554117949	DeferredSave.addons.json	DEBUG	Write succeeded
1442554117949	addons.manager	DEBUG	Async provider shutdown done
JavaScript error: resource://gre/modules/BookmarkHTMLUtils.jsm, line 884: NS_ERROR_UNEXPECTED: Component returned failure code: 0x8000ffff (NS_ERROR_UNEXPECTED) [nsINavBookmarksService.removeFolderChildren]

Build info: version: '2.45.0', revision: '32a636c', time: '2015-03-05 22:01:35'
System info: host: 'Abhilash', ip: '192.168.86.1', os.name: 'Windows 7', os.arch: 'amd64', os.version: '6.1', java.version: '1.8.0_31'
Driver info: driver.version: FirefoxDriver
	at org.openqa.selenium.firefox.internal.NewProfileExtensionConnection.start(NewProfileExtensionConnection.java:134)
	at org.openqa.selenium.firefox.FirefoxDriver.startClient(FirefoxDriver.java:246)
	at org.openqa.selenium.remote.RemoteWebDriver.<init>(RemoteWebDriver.java:114)
	at org.openqa.selenium.firefox.FirefoxDriver.<init>(FirefoxDriver.java:193)
	at org.openqa.selenium.firefox.FirefoxDriver.<init>(FirefoxDriver.java:186)
	at org.openqa.selenium.firefox.FirefoxDriver.<init>(FirefoxDriver.java:182)
	at org.openqa.selenium.firefox.FirefoxDriver.<init>(FirefoxDriver.java:95)
	at org.eigenrisk.commonutilities.SelectBrowser.selectBrowser(SelectBrowser.java:15)
	at com.eigenRisk.TestSuite.Program_Builder.openBrowser(Program_Builder.java:57)
	at sun.reflect.NativeMethodAccessorImpl.invoke0(Native Method)
	at sun.reflect.NativeMethodAccessorImpl.invoke(Unknown Source)
	at sun.reflect.DelegatingMethodAccessorImpl.invoke(Unknown Source)
	at java.lang.reflect.Method.invoke(Unknown Source)
	at org.testng.internal.MethodInvocationHelper.invokeMethod(MethodInvocationHelper.java:84)
	at org.testng.internal.Invoker.invokeConfigurationMethod(Invoker.java:564)
	at org.testng.internal.Invoker.invokeConfigurations(Invoker.java:213)
	at org.testng.internal.Invoker.invokeMethod(Invoker.java:653)
	at org.testng.internal.Invoker.invokeTestMethod(Invoker.java:901)
	at org.testng.internal.Invoker.invokeTestMethods(Invoker.java:1231)
	at org.testng.internal.TestMethodWorker.invokeTestMethods(TestMethodWorker.java:127)
	at org.testng.internal.TestMethodWorker.run(TestMethodWorker.java:111)
	at org.testng.TestRunner.privateRun(TestRunner.java:767)
	at org.testng.TestRunner.run(TestRunner.java:617)
	at org.testng.SuiteRunner.runTest(SuiteRunner.java:334)
	at org.testng.SuiteRunner.runSequentially(SuiteRunner.java:329)
	at org.testng.SuiteRunner.privateRun(SuiteRunner.java:291)
	at org.testng.SuiteRunner.run(SuiteRunner.java:240)
	at org.testng.SuiteRunnerWorker.runSuite(SuiteRunnerWorker.java:52)
	at org.testng.SuiteRunnerWorker.run(SuiteRunnerWorker.java:86)
	at org.testng.TestNG.runSuitesSequentially(TestNG.java:1224)
	at org.testng.TestNG.runSuitesLocally(TestNG.java:1149)
	at org.testng.TestNG.run(TestNG.java:1057)
	at org.testng.remote.RemoteTestNG.run(RemoteTestNG.java:111)
	at org.testng.remote.RemoteTestNG.initAndRun(RemoteTestNG.java:204)
	at org.testng.remote.RemoteTestNG.main(RemoteTestNG.java:175)
Caused by: org.openqa.selenium.WebDriverException: java.lang.InterruptedException: Process timed out after waiting for 45000 ms.
Build info: version: '2.45.0', revision: '32a636c', time: '2015-03-05 22:01:35'
System info: host: 'Abhilash', ip: '192.168.86.1', os.name: 'Windows 7', os.arch: 'amd64', os.version: '6.1', java.version: '1.8.0_31'
Driver info: driver.version: FirefoxDriver
	at org.openqa.selenium.os.CommandLine.waitFor(CommandLine.java:131)
	at org.openqa.selenium.firefox.FirefoxBinary.waitFor(FirefoxBinary.java:222)
	at org.openqa.selenium.firefox.FirefoxBinary.clean(FirefoxBinary.java:242)
	at org.openqa.selenium.firefox.internal.NewProfileExtensionConnection.start(NewProfileExtensionConnection.java:91)
	... 34 more
Caused by: java.lang.InterruptedException: Process timed out after waiting for 45000 ms.
	at org.openqa.selenium.os.UnixProcess.waitFor(UnixProcess.java:148)
	at org.openqa.selenium.os.CommandLine.waitFor(CommandLine.java:129)
	... 37 more
]]>
    </failure>
  </testcase> <!-- PB_OpenProgramBuilder -->
  <testcase name="ValidateDeletedProgramExistOnSource" time="0.001" classname="com.eigenRisk.TestSuite.Program_Builder">
    <failure type="org.openqa.selenium.WebDriverException" message="Failed to connect to binary FirefoxBinary(C:\Program Files (x86)\Mozilla Firefox\firefox.exe) on port 7055; process output follows: 
ll,&quot;updateKey&quot;:null,&quot;optionsURL&quot;:null,&quot;optionsType&quot;:null,&quot;aboutURL&quot;:null,&quot;iconURL&quot;:null,&quot;icon64URL&quot;:null,&quot;defaultLocale&quot;:{&quot;name&quot;:&quot;Default&quot;,&quot;description&quot;:&quot;The default theme.&quot;,&quot;creator&quot;:&quot;Mozilla&quot;,&quot;homepageURL&quot;:null,&quot;contributors&quot;:[&quot;Mozilla Contributors&quot;]},&quot;visible&quot;:true,&quot;active&quot;:true,&quot;userDisabled&quot;:false,&quot;appDisabled&quot;:false,&quot;descriptor&quot;:&quot;C:\\Program Files (x86)\\Mozilla Firefox\\browser\\extensions\\{972ce4c6-7e08-4474-a285-3208198ce6fd}&quot;,&quot;installDate&quot;:1441103455045,&quot;updateDate&quot;:1441103455045,&quot;applyBackgroundUpdates&quot;:1,&quot;skinnable&quot;:true,&quot;size&quot;:23193,&quot;sourceURI&quot;:null,&quot;releaseNotesURI&quot;:null,&quot;softDisabled&quot;:false,&quot;foreignInstall&quot;:false,&quot;hasBinaryComponents&quot;:false,&quot;strictCompatibility&quot;:true,&quot;locales&quot;:[],&quot;targetApplications&quot;:[{&quot;id&quot;:&quot;{ec8030f7-c20a-464f-9b0e-13a3a9e97384}&quot;,&quot;minVersion&quot;:&quot;40.0.3&quot;,&quot;maxVersion&quot;:&quot;40.0.3&quot;}],&quot;targetPlatforms&quot;:[]}
1442554107856	addons.xpi	DEBUG	getModTime: Recursive scan of {972ce4c6-7e08-4474-a285-3208198ce6fd}
1442554107859	addons.xpi	DEBUG	Updating database with changes to installed add-ons
1442554107859	addons.xpi-utils	DEBUG	Updating add-on states
1442554107860	addons.xpi-utils	DEBUG	Writing add-ons list
1442554107876	addons.manager	DEBUG	Registering shutdown blocker for XPIProvider
1442554107894	addons.manager	DEBUG	Provider finished startup: XPIProvider
1442554107894	addons.manager	DEBUG	Starting provider: LightweightThemeManager
1442554107894	addons.manager	DEBUG	Registering shutdown blocker for LightweightThemeManager
1442554107894	addons.manager	DEBUG	Provider finished startup: LightweightThemeManager
1442554107895	addons.manager	DEBUG	Starting provider: GMPProvider
1442554107900	addons.manager	DEBUG	Registering shutdown blocker for GMPProvider
1442554107901	addons.manager	DEBUG	Provider finished startup: GMPProvider
1442554107901	addons.manager	DEBUG	Starting provider: PluginProvider
1442554107901	addons.manager	DEBUG	Registering shutdown blocker for PluginProvider
1442554107901	addons.manager	DEBUG	Provider finished startup: PluginProvider
1442554107901	addons.manager	DEBUG	Completed startup sequence
1442554113880	addons.manager	DEBUG	Starting provider: &lt;unnamed-provider&gt;
1442554113880	addons.manager	DEBUG	Registering shutdown blocker for &lt;unnamed-provider&gt;
1442554113880	addons.manager	DEBUG	Provider finished startup: &lt;unnamed-provider&gt;
1442554115105	DeferredSave.extensions.json	DEBUG	Starting write
1442554115627	addons.manager	DEBUG	shutdown
1442554115627	addons.manager	DEBUG	Calling shutdown blocker for XPIProvider
1442554115627	addons.xpi	DEBUG	shutdown
1442554115627	addons.xpi-utils	DEBUG	shutdown
1442554115628	addons.manager	DEBUG	Calling shutdown blocker for LightweightThemeManager
1442554115628	addons.manager	DEBUG	Calling shutdown blocker for GMPProvider
1442554115629	addons.manager	DEBUG	Calling shutdown blocker for PluginProvider
1442554115629	addons.manager	DEBUG	Calling shutdown blocker for &lt;unnamed-provider&gt;
1442554115729	addons.repository	DEBUG	No addons.json found.
1442554115749	DeferredSave.addons.json	DEBUG	Save changes
1442554115777	DeferredSave.addons.json	DEBUG	Starting timer
1442554115822	addons.manager	DEBUG	Starting provider: PreviousExperimentProvider
1442554115822	addons.manager	DEBUG	Registering shutdown blocker for PreviousExperimentProvider
1442554115824	addons.manager	DEBUG	Provider finished startup: PreviousExperimentProvider
1442554115825	addons.manager	DEBUG	Calling shutdown blocker for PreviousExperimentProvider
1442554115826	DeferredSave.extensions.json	DEBUG	Write succeeded
1442554115827	addons.xpi-utils	DEBUG	XPI Database saved, setting schema version preference to 17
1442554115827	addons.xpi	DEBUG	Notifying XPI shutdown observers
1442554115828	DeferredSave.addons.json	DEBUG	Starting write
1442554117949	DeferredSave.addons.json	DEBUG	Write succeeded
1442554117949	addons.manager	DEBUG	Async provider shutdown done
JavaScript error: resource://gre/modules/BookmarkHTMLUtils.jsm, line 884: NS_ERROR_UNEXPECTED: Component returned failure code: 0x8000ffff (NS_ERROR_UNEXPECTED) [nsINavBookmarksService.removeFolderChildren]

Build info: version: &#039;2.45.0&#039;, revision: &#039;32a636c&#039;, time: &#039;2015-03-05 22:01:35&#039;
System info: host: &#039;Abhilash&#039;, ip: &#039;192.168.86.1&#039;, os.name: &#039;Windows 7&#039;, os.arch: &#039;amd64&#039;, os.version: &#039;6.1&#039;, java.version: &#039;1.8.0_31&#039;
Driver info: driver.version: FirefoxDriver">
      <![CDATA[org.openqa.selenium.WebDriverException: Failed to connect to binary FirefoxBinary(C:\Program Files (x86)\Mozilla Firefox\firefox.exe) on port 7055; process output follows: 
ll,"updateKey":null,"optionsURL":null,"optionsType":null,"aboutURL":null,"iconURL":null,"icon64URL":null,"defaultLocale":{"name":"Default","description":"The default theme.","creator":"Mozilla","homepageURL":null,"contributors":["Mozilla Contributors"]},"visible":true,"active":true,"userDisabled":false,"appDisabled":false,"descriptor":"C:\\Program Files (x86)\\Mozilla Firefox\\browser\\extensions\\{972ce4c6-7e08-4474-a285-3208198ce6fd}","installDate":1441103455045,"updateDate":1441103455045,"applyBackgroundUpdates":1,"skinnable":true,"size":23193,"sourceURI":null,"releaseNotesURI":null,"softDisabled":false,"foreignInstall":false,"hasBinaryComponents":false,"strictCompatibility":true,"locales":[],"targetApplications":[{"id":"{ec8030f7-c20a-464f-9b0e-13a3a9e97384}","minVersion":"40.0.3","maxVersion":"40.0.3"}],"targetPlatforms":[]}
1442554107856	addons.xpi	DEBUG	getModTime: Recursive scan of {972ce4c6-7e08-4474-a285-3208198ce6fd}
1442554107859	addons.xpi	DEBUG	Updating database with changes to installed add-ons
1442554107859	addons.xpi-utils	DEBUG	Updating add-on states
1442554107860	addons.xpi-utils	DEBUG	Writing add-ons list
1442554107876	addons.manager	DEBUG	Registering shutdown blocker for XPIProvider
1442554107894	addons.manager	DEBUG	Provider finished startup: XPIProvider
1442554107894	addons.manager	DEBUG	Starting provider: LightweightThemeManager
1442554107894	addons.manager	DEBUG	Registering shutdown blocker for LightweightThemeManager
1442554107894	addons.manager	DEBUG	Provider finished startup: LightweightThemeManager
1442554107895	addons.manager	DEBUG	Starting provider: GMPProvider
1442554107900	addons.manager	DEBUG	Registering shutdown blocker for GMPProvider
1442554107901	addons.manager	DEBUG	Provider finished startup: GMPProvider
1442554107901	addons.manager	DEBUG	Starting provider: PluginProvider
1442554107901	addons.manager	DEBUG	Registering shutdown blocker for PluginProvider
1442554107901	addons.manager	DEBUG	Provider finished startup: PluginProvider
1442554107901	addons.manager	DEBUG	Completed startup sequence
1442554113880	addons.manager	DEBUG	Starting provider: <unnamed-provider>
1442554113880	addons.manager	DEBUG	Registering shutdown blocker for <unnamed-provider>
1442554113880	addons.manager	DEBUG	Provider finished startup: <unnamed-provider>
1442554115105	DeferredSave.extensions.json	DEBUG	Starting write
1442554115627	addons.manager	DEBUG	shutdown
1442554115627	addons.manager	DEBUG	Calling shutdown blocker for XPIProvider
1442554115627	addons.xpi	DEBUG	shutdown
1442554115627	addons.xpi-utils	DEBUG	shutdown
1442554115628	addons.manager	DEBUG	Calling shutdown blocker for LightweightThemeManager
1442554115628	addons.manager	DEBUG	Calling shutdown blocker for GMPProvider
1442554115629	addons.manager	DEBUG	Calling shutdown blocker for PluginProvider
1442554115629	addons.manager	DEBUG	Calling shutdown blocker for <unnamed-provider>
1442554115729	addons.repository	DEBUG	No addons.json found.
1442554115749	DeferredSave.addons.json	DEBUG	Save changes
1442554115777	DeferredSave.addons.json	DEBUG	Starting timer
1442554115822	addons.manager	DEBUG	Starting provider: PreviousExperimentProvider
1442554115822	addons.manager	DEBUG	Registering shutdown blocker for PreviousExperimentProvider
1442554115824	addons.manager	DEBUG	Provider finished startup: PreviousExperimentProvider
1442554115825	addons.manager	DEBUG	Calling shutdown blocker for PreviousExperimentProvider
1442554115826	DeferredSave.extensions.json	DEBUG	Write succeeded
1442554115827	addons.xpi-utils	DEBUG	XPI Database saved, setting schema version preference to 17
1442554115827	addons.xpi	DEBUG	Notifying XPI shutdown observers
1442554115828	DeferredSave.addons.json	DEBUG	Starting write
1442554117949	DeferredSave.addons.json	DEBUG	Write succeeded
1442554117949	addons.manager	DEBUG	Async provider shutdown done
JavaScript error: resource://gre/modules/BookmarkHTMLUtils.jsm, line 884: NS_ERROR_UNEXPECTED: Component returned failure code: 0x8000ffff (NS_ERROR_UNEXPECTED) [nsINavBookmarksService.removeFolderChildren]

Build info: version: '2.45.0', revision: '32a636c', time: '2015-03-05 22:01:35'
System info: host: 'Abhilash', ip: '192.168.86.1', os.name: 'Windows 7', os.arch: 'amd64', os.version: '6.1', java.version: '1.8.0_31'
Driver info: driver.version: FirefoxDriver
	at org.openqa.selenium.firefox.internal.NewProfileExtensionConnection.start(NewProfileExtensionConnection.java:134)
	at org.openqa.selenium.firefox.FirefoxDriver.startClient(FirefoxDriver.java:246)
	at org.openqa.selenium.remote.RemoteWebDriver.<init>(RemoteWebDriver.java:114)
	at org.openqa.selenium.firefox.FirefoxDriver.<init>(FirefoxDriver.java:193)
	at org.openqa.selenium.firefox.FirefoxDriver.<init>(FirefoxDriver.java:186)
	at org.openqa.selenium.firefox.FirefoxDriver.<init>(FirefoxDriver.java:182)
	at org.openqa.selenium.firefox.FirefoxDriver.<init>(FirefoxDriver.java:95)
	at org.eigenrisk.commonutilities.SelectBrowser.selectBrowser(SelectBrowser.java:15)
	at com.eigenRisk.TestSuite.Program_Builder.openBrowser(Program_Builder.java:57)
	at sun.reflect.NativeMethodAccessorImpl.invoke0(Native Method)
	at sun.reflect.NativeMethodAccessorImpl.invoke(Unknown Source)
	at sun.reflect.DelegatingMethodAccessorImpl.invoke(Unknown Source)
	at java.lang.reflect.Method.invoke(Unknown Source)
	at org.testng.internal.MethodInvocationHelper.invokeMethod(MethodInvocationHelper.java:84)
	at org.testng.internal.Invoker.invokeConfigurationMethod(Invoker.java:564)
	at org.testng.internal.Invoker.invokeConfigurations(Invoker.java:213)
	at org.testng.internal.Invoker.invokeMethod(Invoker.java:653)
	at org.testng.internal.Invoker.invokeTestMethod(Invoker.java:901)
	at org.testng.internal.Invoker.invokeTestMethods(Invoker.java:1231)
	at org.testng.internal.TestMethodWorker.invokeTestMethods(TestMethodWorker.java:127)
	at org.testng.internal.TestMethodWorker.run(TestMethodWorker.java:111)
	at org.testng.TestRunner.privateRun(TestRunner.java:767)
	at org.testng.TestRunner.run(TestRunner.java:617)
	at org.testng.SuiteRunner.runTest(SuiteRunner.java:334)
	at org.testng.SuiteRunner.runSequentially(SuiteRunner.java:329)
	at org.testng.SuiteRunner.privateRun(SuiteRunner.java:291)
	at org.testng.SuiteRunner.run(SuiteRunner.java:240)
	at org.testng.SuiteRunnerWorker.runSuite(SuiteRunnerWorker.java:52)
	at org.testng.SuiteRunnerWorker.run(SuiteRunnerWorker.java:86)
	at org.testng.TestNG.runSuitesSequentially(TestNG.java:1224)
	at org.testng.TestNG.runSuitesLocally(TestNG.java:1149)
	at org.testng.TestNG.run(TestNG.java:1057)
	at org.testng.remote.RemoteTestNG.run(RemoteTestNG.java:111)
	at org.testng.remote.RemoteTestNG.initAndRun(RemoteTestNG.java:204)
	at org.testng.remote.RemoteTestNG.main(RemoteTestNG.java:175)
Caused by: org.openqa.selenium.WebDriverException: java.lang.InterruptedException: Process timed out after waiting for 45000 ms.
Build info: version: '2.45.0', revision: '32a636c', time: '2015-03-05 22:01:35'
System info: host: 'Abhilash', ip: '192.168.86.1', os.name: 'Windows 7', os.arch: 'amd64', os.version: '6.1', java.version: '1.8.0_31'
Driver info: driver.version: FirefoxDriver
	at org.openqa.selenium.os.CommandLine.waitFor(CommandLine.java:131)
	at org.openqa.selenium.firefox.FirefoxBinary.waitFor(FirefoxBinary.java:222)
	at org.openqa.selenium.firefox.FirefoxBinary.clean(FirefoxBinary.java:242)
	at org.openqa.selenium.firefox.internal.NewProfileExtensionConnection.start(NewProfileExtensionConnection.java:91)
	... 34 more
Caused by: java.lang.InterruptedException: Process timed out after waiting for 45000 ms.
	at org.openqa.selenium.os.UnixProcess.waitFor(UnixProcess.java:148)
	at org.openqa.selenium.os.CommandLine.waitFor(CommandLine.java:129)
	... 37 more
]]>
    </failure>
  </testcase> <!-- ValidateDeletedProgramExistOnSource -->
  <testcase name="DeleteSharedProgram" time="0.000" classname="com.eigenRisk.TestSuite.Program_Builder">
    <failure type="org.openqa.selenium.WebDriverException" message="Failed to connect to binary FirefoxBinary(C:\Program Files (x86)\Mozilla Firefox\firefox.exe) on port 7055; process output follows: 
[...]
1442554107859	addons.xpi-utils	DEBUG	Updating add-on states
1442554107860	addons.xpi-utils	DEBUG	Writing add-ons list
1442554107876	addons.manager	DEBUG	Registering shutdown blocker for XPIProvider
1442554107894	addons.manager	DEBUG	Provider finished startup: XPIProvider
1442554107894	addons.manager	DEBUG	Starting provider: LightweightThemeManager
1442554107894	addons.manager	DEBUG	Registering shutdown blocker for LightweightThemeManager
1442554107894	addons.manager	DEBUG	Provider finished startup: LightweightThemeManager
1442554107895	addons.manager	DEBUG	Starting provider: GMPProvider
1442554107900	addons.manager	DEBUG	Registering shutdown blocker for GMPProvider
1442554107901	addons.manager	DEBUG	Provider finished startup: GMPProvider
1442554107901	addons.manager	DEBUG	Starting provider: PluginProvider
1442554107901	addons.manager	DEBUG	Registering shutdown blocker for PluginProvider
1442554107901	addons.manager	DEBUG	Provider finished startup: PluginProvider
1442554107901	addons.manager	DEBUG	Completed startup sequence
1442554113880	addons.manager	DEBUG	Starting provider: <unnamed-provider>
1442554113880	addons.manager	DEBUG	Registering shutdown blocker for <unnamed-provider>
1442554113880	addons.manager	DEBUG	Provider finished startup: <unnamed-provider>
1442554115105	DeferredSave.extensions.json	DEBUG	Starting write
1442554115627	addons.manager	DEBUG	shutdown
1442554115627	addons.manager	DEBUG	Calling shutdown blocker for XPIProvider
1442554115627	addons.xpi	DEBUG	shutdown
1442554115627	addons.xpi-utils	DEBUG	shutdown
1442554115628	addons.manager	DEBUG	Calling shutdown blocker for LightweightThemeManager
1442554115628	addons.manager	DEBUG	Calling shutdown blocker for GMPProvider
1442554115629	addons.manager	DEBUG	Calling shutdown blocker for PluginProvider
1442554115629	addons.manager	DEBUG	Calling shutdown blocker for <unnamed-provider>
1442554115729	addons.repository	DEBUG	No addons.json found.
1442554115749	DeferredSave.addons.json	DEBUG	Save changes
1442554115777	DeferredSave.addons.json	DEBUG	Starting timer
1442554115822	addons.manager	DEBUG	Starting provider: PreviousExperimentProvider
1442554115822	addons.manager	DEBUG	Registering shutdown blocker for PreviousExperimentProvider
1442554115824	addons.manager	DEBUG	Provider finished startup: PreviousExperimentProvider
1442554115825	addons.manager	DEBUG	Calling shutdown blocker for PreviousExperimentProvider
1442554115826	DeferredSave.extensions.json	DEBUG	Write succeeded
1442554115827	addons.xpi-utils	DEBUG	XPI Database saved, setting schema version preference to 17
1442554115827	addons.xpi	DEBUG	Notifying XPI shutdown observers
1442554115828	DeferredSave.addons.json	DEBUG	Starting write
1442554117949	DeferredSave.addons.json	DEBUG	Write succeeded
1442554117949	addons.manager	DEBUG	Async provider shutdown done
JavaScript error: resource://gre/modules/BookmarkHTMLUtils.jsm, line 884: NS_ERROR_UNEXPECTED: Component returned failure code: 0x8000ffff (NS_ERROR_UNEXPECTED) [nsINavBookmarksService.removeFolderChildren]

Build info: version: '2.45.0', revision: '32a636c', time: '2015-03-05 22:01:35'
System info: host: 'Abhilash', ip: '192.168.86.1', os.name: 'Windows 7', os.arch: 'amd64', os.version: '6.1', java.version: '1.8.0_31'
Driver info: driver.version: FirefoxDriver
	at org.openqa.selenium.firefox.internal.NewProfileExtensionConnection.start(NewProfileExtensionConnection.java:134)
	at org.openqa.selenium.firefox.FirefoxDriver.startClient(FirefoxDriver.java:246)
	at org.openqa.selenium.remote.RemoteWebDriver.<init>(RemoteWebDriver.java:114)
	at org.openqa.selenium.firefox.FirefoxDriver.<init>(FirefoxDriver.java:193)
	at org.openqa.selenium.firefox.FirefoxDriver.<init>(FirefoxDriver.java:186)
	at org.openqa.selenium.firefox.FirefoxDriver.<init>(FirefoxDriver.java:182)
	at org.openqa.selenium.firefox.FirefoxDriver.<init>(FirefoxDriver.java:95)
	at org.eigenrisk.commonutilities.SelectBrowser.selectBrowser(SelectBrowser.java:15)
	at com.eigenRisk.TestSuite.Program_Builder.openBrowser(Program_Builder.java:57)
	at sun.reflect.NativeMethodAccessorImpl.invoke0(Native Method)
	at sun.reflect.NativeMethodAccessorImpl.invoke(Unknown Source)
	at sun.reflect.DelegatingMethodAccessorImpl.invoke(Unknown Source)
	at java.lang.reflect.Method.invoke(Unknown Source)
	at org.testng.internal.MethodInvocationHelper.invokeMethod(MethodInvocationHelper.java:84)
	at org.testng.internal.Invoker.invokeConfigurationMethod(Invoker.java:564)
	at org.testng.internal.Invoker.invokeConfigurations(Invoker.java:213)
	at org.testng.internal.Invoker.invokeMethod(Invoker.java:653)
	at org.testng.internal.Invoker.invokeTestMethod(Invoker.java:901)
	at org.testng.internal.Invoker.invokeTestMethods(Invoker.java:1231)
	at org.testng.internal.TestMethodWorker.invokeTestMethods(TestMethodWorker.java:127)
	at org.testng.internal.TestMethodWorker.run(TestMethodWorker.java:111)
	at org.testng.TestRunner.privateRun(TestRunner.java:767)
	at org.testng.TestRunner.run(TestRunner.java:617)
	at org.testng.SuiteRunner.runTest(SuiteRunner.java:334)
	at org.testng.SuiteRunner.runSequentially(SuiteRunner.java:329)
	at org.testng.SuiteRunner.privateRun(SuiteRunner.java:291)
	at org.testng.SuiteRunner.run(SuiteRunner.java:240)
	at org.testng.SuiteRunnerWorker.runSuite(SuiteRunnerWorker.java:52)
	at org.testng.SuiteRunnerWorker.run(SuiteRunnerWorker.java:86)
	at org.testng.TestNG.runSuitesSequentially(TestNG.java:1224)
	at org.testng.TestNG.runSuitesLocally(TestNG.java:1149)
	at org.testng.TestNG.run(TestNG.java:1057)
	at org.testng.remote.RemoteTestNG.run(RemoteTestNG.java:111)
	at org.testng.remote.RemoteTestNG.initAndRun(RemoteTestNG.java:204)
	at org.testng.remote.RemoteTestNG.main(RemoteTestNG.java:175)
Caused by: org.openqa.selenium.WebDriverException: java.lang.InterruptedException: Process timed out after waiting for 45000 ms.
Build info: version: '2.45.0', revision: '32a636c', time: '2015-03-05 22:01:35'
System info: host: 'Abhilash', ip: '192.168.86.1', os.name: 'Windows 7', os.arch: 'amd64', os.version: '6.1', java.version: '1.8.0_31'
Driver info: driver.version: FirefoxDriver
	at org.openqa.selenium.os.CommandLine.waitFor(CommandLine.java:131)
	at org.openqa.selenium.firefox.FirefoxBinary.waitFor(FirefoxBinary.java:222)
	at org.openqa.selenium.firefox.FirefoxBinary.clean(FirefoxBinary.java:242)
	at org.openqa.selenium.firefox.internal.NewProfileExtensionConnection.start(NewProfileExtensionConnection.java:91)
	... 34 more
Caused by: java.lang.InterruptedException: Process timed out after waiting for 45000 ms.
	at org.openqa.selenium.os.UnixProcess.waitFor(UnixProcess.java:148)
	at org.openqa.selenium.os.CommandLine.waitFor(CommandLine.java:129)
	... 37 more
]]>
    </failure>
  </testcase> <!-- AddLayer -->
  <testcase name="ValidateSharedProgram" time="0.000" classname="com.eigenRisk.TestSuite.Program_Builder">
    <failure type="org.openqa.selenium.WebDriverException" message="Failed to connect to binary FirefoxBinary(C:\Program Files (x86)\Mozilla Firefox\firefox.exe) on port 7055; process output follows: 
ll,&quot;updateKey&quot;:null,&quot;optionsURL&quot;:null,&quot;optionsType&quot;:null,&quot;aboutURL&quot;:null,&quot;iconURL&quot;:null,&quot;icon64URL&quot;:null,&quot;defaultLocale&quot;:{&quot;name&quot;:&quot;Default&quot;,&quot;description&quot;:&quot;The default theme.&quot;,&quot;creator&quot;:&quot;Mozilla&quot;,&quot;homepageURL&quot;:null,&quot;contributors&quot;:[&quot;Mozilla Contributors&quot;]},&quot;visible&quot;:true,&quot;active&quot;:true,&quot;userDisabled&quot;:false,&quot;appDisabled&quot;:false,&quot;descriptor&quot;:&quot;C:\\Program Files (x86)\\Mozilla Firefox\\browser\\extensions\\{972ce4c6-7e08-4474-a285-3208198ce6fd}&quot;,&quot;installDate&quot;:1441103455045,&quot;updateDate&quot;:1441103455045,&quot;applyBackgroundUpdates&quot;:1,&quot;skinnable&quot;:true,&quot;size&quot;:23193,&quot;sourceURI&quot;:null,&quot;releaseNotesURI&quot;:null,&quot;softDisabled&quot;:false,&quot;foreignInstall&quot;:false,&quot;hasBinaryComponents&quot;:false,&quot;strictCompatibility&quot;:true,&quot;locales&quot;:[],&quot;targetApplications&quot;:[{&quot;id&quot;:&quot;{ec8030f7-c20a-464f-9b0e-13a3a9e97384}&quot;,&quot;minVersion&quot;:&quot;40.0.3&quot;,&quot;maxVersion&quot;:&quot;40.0.3&quot;}],&quot;targetPlatforms&quot;:[]}
1442554107856	addons.xpi	DEBUG	getModTime: Recursive scan of {972ce4c6-7e08-4474-a285-3208198ce6fd}
1442554107859	addons.xpi	DEBUG	Updating database with changes to installed add-ons
1442554107859	addons.xpi-utils	DEBUG	Updating add-on states
1442554107860	addons.xpi-utils	DEBUG	Writing add-ons list
1442554107876	addons.manager	DEBUG	Registering shutdown blocker for XPIProvider
1442554107894	addons.manager	DEBUG	Provider finished startup: XPIProvider
1442554107894	addons.manager	DEBUG	Starting provider: LightweightThemeManager
1442554107894	addons.manager	DEBUG	Registering shutdown blocker for LightweightThemeManager
1442554107894	addons.manager	DEBUG	Provider finished startup: LightweightThemeManager
1442554107895	addons.manager	DEBUG	Starting provider: GMPProvider
1442554107900	addons.manager	DEBUG	Registering shutdown blocker for GMPProvider
1442554107901	addons.manager	DEBUG	Provider finished startup: GMPProvider
1442554107901	addons.manager	DEBUG	Starting provider: PluginProvider
1442554107901	addons.manager	DEBUG	Registering shutdown blocker for PluginProvider
1442554107901	addons.manager	DEBUG	Provider finished startup: PluginProvider
1442554107901	addons.manager	DEBUG	Completed startup sequence
1442554113880	addons.manager	DEBUG	Starting provider: &lt;unnamed-provider&gt;
1442554113880	addons.manager	DEBUG	Registering shutdown blocker for &lt;unnamed-provider&gt;
1442554113880	addons.manager	DEBUG	Provider finished startup: &lt;unnamed-provider&gt;
1442554115105	DeferredSave.extensions.json	DEBUG	Starting write
1442554115627	addons.manager	DEBUG	shutdown
1442554115627	addons.manager	DEBUG	Calling shutdown blocker for XPIProvider
1442554115627	addons.xpi	DEBUG	shutdown
1442554115627	addons.xpi-utils	DEBUG	shutdown
1442554115628	addons.manager	DEBUG	Calling shutdown blocker for LightweightThemeManager
1442554115628	addons.manager	DEBUG	Calling shutdown blocker for GMPProvider
1442554115629	addons.manager	DEBUG	Calling shutdown blocker for PluginProvider
1442554115629	addons.manager	DEBUG	Calling shutdown blocker for &lt;unnamed-provider&gt;
1442554115729	addons.repository	DEBUG	No addons.json found.
1442554115749	DeferredSave.addons.json	DEBUG	Save changes
1442554115777	DeferredSave.addons.json	DEBUG	Starting timer
1442554115822	addons.manager	DEBUG	Starting provider: PreviousExperimentProvider
1442554115822	addons.manager	DEBUG	Registering shutdown blocker for PreviousExperimentProvider
1442554115824	addons.manager	DEBUG	Provider finished startup: PreviousExperimentProvider
1442554115825	addons.manager	DEBUG	Calling shutdown blocker for PreviousExperimentProvider
1442554115826	DeferredSave.extensions.json	DEBUG	Write succeeded
1442554115827	addons.xpi-utils	DEBUG	XPI Database saved, setting schema version preference to 17
1442554115827	addons.xpi	DEBUG	Notifying XPI shutdown observers
1442554115828	DeferredSave.addons.json	DEBUG	Starting write
1442554117949	DeferredSave.addons.json	DEBUG	Write succeeded
1442554117949	addons.manager	DEBUG	Async provider shutdown done
JavaScript error: resource://gre/modules/BookmarkHTMLUtils.jsm, line 884: NS_ERROR_UNEXPECTED: Component returned failure code: 0x8000ffff (NS_ERROR_UNEXPECTED) [nsINavBookmarksService.removeFolderChildren]

Build info: version: &#039;2.45.0&#039;, revision: &#039;32a636c&#039;, time: &#039;2015-03-05 22:01:35&#039;
System info: host: &#039;Abhilash&#039;, ip: &#039;192.168.86.1&#039;, os.name: &#039;Windows 7&#039;, os.arch: &#039;amd64&#039;, os.version: &#039;6.1&#039;, java.version: &#039;1.8.0_31&#039;
Driver info: driver.version: FirefoxDriver">
      <![CDATA[org.openqa.selenium.WebDriverException: Failed to connect to binary FirefoxBinary(C:\Program Files (x86)\Mozilla Firefox\firefox.exe) on port 7055; process output follows: 
ll,"updateKey":null,"optionsURL":null,"optionsType":null,"aboutURL":null,"iconURL":null,"icon64URL":null,"defaultLocale":{"name":"Default","description":"The default theme.","creator":"Mozilla","homepageURL":null,"contributors":["Mozilla Contributors"]},"visible":true,"active":true,"userDisabled":false,"appDisabled":false,"descriptor":"C:\\Program Files (x86)\\Mozilla Firefox\\browser\\extensions\\{972ce4c6-7e08-4474-a285-3208198ce6fd}","installDate":1441103455045,"updateDate":1441103455045,"applyBackgroundUpdates":1,"skinnable":true,"size":23193,"sourceURI":null,"releaseNotesURI":null,"softDisabled":false,"foreignInstall":false,"hasBinaryComponents":false,"strictCompatibility":true,"locales":[],"targetApplications":[{"id":"{ec8030f7-c20a-464f-9b0e-13a3a9e97384}","minVersion":"40.0.3","maxVersion":"40.0.3"}],"targetPlatforms":[]}
1442554107856	addons.xpi	DEBUG	getModTime: Recursive scan of {972ce4c6-7e08-4474-a285-3208198ce6fd}
1442554107859	addons.xpi	DEBUG	Updating database with changes to installed add-ons
1442554107859	addons.xpi-utils	DEBUG	Updating add-on states
1442554107860	addons.xpi-utils	DEBUG	Writing add-ons list
1442554107876	addons.manager	DEBUG	Registering shutdown blocker for XPIProvider
1442554107894	addons.manager	DEBUG	Provider finished startup: XPIProvider
1442554107894	addons.manager	DEBUG	Starting provider: LightweightThemeManager
1442554107894	addons.manager	DEBUG	Registering shutdown blocker for LightweightThemeManager
1442554107894	addons.manager	DEBUG	Provider finished startup: LightweightThemeManager
1442554107895	addons.manager	DEBUG	Starting provider: GMPProvider
1442554107900	addons.manager	DEBUG	Registering shutdown blocker for GMPProvider
1442554107901	addons.manager	DEBUG	Provider finished startup: GMPProvider
1442554107901	addons.manager	DEBUG	Starting provider: PluginProvider
1442554107901	addons.manager	DEBUG	Registering shutdown blocker for PluginProvider
1442554107901	addons.manager	DEBUG	Provider finished startup: PluginProvider
1442554107901	addons.manager	DEBUG	Completed startup sequence
1442554113880	addons.manager	DEBUG	Starting provider: <unnamed-provider>
1442554113880	addons.manager	DEBUG	Registering shutdown blocker for <unnamed-provider>
1442554113880	addons.manager	DEBUG	Provider finished startup: <unnamed-provider>
1442554115105	DeferredSave.extensions.json	DEBUG	Starting write
1442554115627	addons.manager	DEBUG	shutdown
1442554115627	addons.manager	DEBUG	Calling shutdown blocker for XPIProvider
1442554115627	addons.xpi	DEBUG	shutdown
1442554115627	addons.xpi-utils	DEBUG	shutdown
1442554115628	addons.manager	DEBUG	Calling shutdown blocker for LightweightThemeManager
1442554115628	addons.manager	DEBUG	Calling shutdown blocker for GMPProvider
1442554115629	addons.manager	DEBUG	Calling shutdown blocker for PluginProvider
1442554115629	addons.manager	DEBUG	Calling shutdown blocker for <unnamed-provider>
1442554115729	addons.repository	DEBUG	No addons.json found.
1442554115749	DeferredSave.addons.json	DEBUG	Save changes
1442554115777	DeferredSave.addons.json	DEBUG	Starting timer
1442554115822	addons.manager	DEBUG	Starting provider: PreviousExperimentProvider
1442554115822	addons.manager	DEBUG	Registering shutdown blocker for PreviousExperimentProvider
1442554115824	addons.manager	DEBUG	Provider finished startup: PreviousExperimentProvider
1442554115825	addons.manager	DEBUG	Calling shutdown blocker for PreviousExperimentProvider
1442554115826	DeferredSave.extensions.json	DEBUG	Write succeeded
1442554115827	addons.xpi-utils	DEBUG	XPI Database saved, setting schema version preference to 17
1442554115827	addons.xpi	DEBUG	Notifying XPI shutdown observers
1442554115828	DeferredSave.addons.json	DEBUG	Starting write
1442554117949	DeferredSave.addons.json	DEBUG	Write succeeded
1442554117949	addons.manager	DEBUG	Async provider shutdown done
JavaScript error: resource://gre/modules/BookmarkHTMLUtils.jsm, line 884: NS_ERROR_UNEXPECTED: Component returned failure code: 0x8000ffff (NS_ERROR_UNEXPECTED) [nsINavBookmarksService.removeFolderChildren]

Build info: version: '2.45.0', revision: '32a636c', time: '2015-03-05 22:01:35'
System info: host: 'Abhilash', ip: '192.168.86.1', os.name: 'Windows 7', os.arch: 'amd64', os.version: '6.1', java.version: '1.8.0_31'
Driver info: driver.version: FirefoxDriver
	at org.openqa.selenium.firefox.internal.NewProfileExtensionConnection.start(NewProfileExtensionConnection.java:134)
	at org.openqa.selenium.firefox.FirefoxDriver.startClient(FirefoxDriver.java:246)
	at org.openqa.selenium.remote.RemoteWebDriver.<init>(RemoteWebDriver.java:114)
	at org.openqa.selenium.firefox.FirefoxDriver.<init>(FirefoxDriver.java:193)
	at org.openqa.selenium.firefox.FirefoxDriver.<init>(FirefoxDriver.java:186)
	at org.openqa.selenium.firefox.FirefoxDriver.<init>(FirefoxDriver.java:182)
	at org.openqa.selenium.firefox.FirefoxDriver.<init>(FirefoxDriver.java:95)
	at org.eigenrisk.commonutilities.SelectBrowser.selectBrowser(SelectBrowser.java:15)
	at com.eigenRisk.TestSuite.Program_Builder.openBrowser(Program_Builder.java:57)
	at sun.reflect.NativeMethodAccessorImpl.invoke0(Native Method)
	at sun.reflect.NativeMethodAccessorImpl.invoke(Unknown Source)
	at sun.reflect.DelegatingMethodAccessorImpl.invoke(Unknown Source)
	at java.lang.reflect.Method.invoke(Unknown Source)
	at org.testng.internal.MethodInvocationHelper.invokeMethod(MethodInvocationHelper.java:84)
	at org.testng.internal.Invoker.invokeConfigurationMethod(Invoker.java:564)
	at org.testng.internal.Invoker.invokeConfigurations(Invoker.java:213)
	at org.testng.internal.Invoker.invokeMethod(Invoker.java:653)
	at org.testng.internal.Invoker.invokeTestMethod(Invoker.java:901)
	at org.testng.internal.Invoker.invokeTestMethods(Invoker.java:1231)
	at org.testng.internal.TestMethodWorker.invokeTestMethods(TestMethodWorker.java:127)
	at org.testng.internal.TestMethodWorker.run(TestMethodWorker.java:111)
	at org.testng.TestRunner.privateRun(TestRunner.java:767)
	at org.testng.TestRunner.run(TestRunner.java:617)
	at org.testng.SuiteRunner.runTest(SuiteRunner.java:334)
	at org.testng.SuiteRunner.runSequentially(SuiteRunner.java:329)
	at org.testng.SuiteRunner.privateRun(SuiteRunner.java:291)
	at org.testng.SuiteRunner.run(SuiteRunner.java:240)
	at org.testng.SuiteRunnerWorker.runSuite(SuiteRunnerWorker.java:52)
	at org.testng.SuiteRunnerWorker.run(SuiteRunnerWorker.java:86)
	at org.testng.TestNG.runSuitesSequentially(TestNG.java:1224)
	at org.testng.TestNG.runSuitesLocally(TestNG.java:1149)
	at org.testng.TestNG.run(TestNG.java:1057)
	at org.testng.remote.RemoteTestNG.run(RemoteTestNG.java:111)
	at org.testng.remote.RemoteTestNG.initAndRun(RemoteTestNG.java:204)
	at org.testng.remote.RemoteTestNG.main(RemoteTestNG.java:175)
Caused by: org.openqa.selenium.WebDriverException: java.lang.InterruptedException: Process timed out after waiting for 45000 ms.
Build info: version: '2.45.0', revision: '32a636c', time: '2015-03-05 22:01:35'
System info: host: 'Abhilash', ip: '192.168.86.1', os.name: 'Windows 7', os.arch: 'amd64', os.version: '6.1', java.version: '1.8.0_31'
Driver info: driver.version: FirefoxDriver
	at org.openqa.selenium.os.CommandLine.waitFor(CommandLine.java:131)
	at org.openqa.selenium.firefox.FirefoxBinary.waitFor(FirefoxBinary.java:222)
	at org.openqa.selenium.firefox.FirefoxBinary.clean(FirefoxBinary.java:242)
	at org.openqa.selenium.firefox.internal.NewProfileExtensionConnection.start(NewProfileExtensionConnection.java:91)
	... 34 more
Caused by: java.lang.InterruptedException: Process timed out after waiting for 45000 ms.
	at org.openqa.selenium.os.UnixProcess.waitFor(UnixProcess.java:148)
	at org.openqa.selenium.os.CommandLine.waitFor(CommandLine.java:129)
	... 37 more
]]>
    </failure>
  </testcase> <!-- ValidateSharedProgram -->
</testsuite> <!-- com.eigenRisk.TestSuite.Program_Builder -->
