<?xml version="1.0" encoding="UTF-8"?>
<testng-results skipped="0" failed="0" total="12" passed="12">
  <reporter-output>
  </reporter-output>
  <suite name="Currency Validation" duration-ms="892107" started-at="2015-09-18T10:26:27Z" finished-at="2015-09-18T10:41:19Z">
    <groups>
    </groups>
    <test name="Evaluate TIV For Each Assets" duration-ms="89324" started-at="2015-09-18T10:26:27Z" finished-at="2015-09-18T10:27:56Z">
      <class name="com.eigenRisk.TestSuite.Top_N_DataValidation">
        <test-method status="PASS" signature="beforeTest()[pri:0, instance:com.eigenRisk.TestSuite.Top_N_DataValidation@5ba23b66]" name="beforeTest" is-config="true" duration-ms="11" started-at="2015-09-18T15:56:27Z" finished-at="2015-09-18T15:56:27Z">
          <reporter-output>
          </reporter-output>
        </test-method> <!-- beforeTest -->
        <test-method status="PASS" signature="openBrowser()[pri:0, instance:com.eigenRisk.TestSuite.Top_N_DataValidation@5ba23b66]" name="openBrowser" is-config="true" duration-ms="12082" started-at="2015-09-18T15:56:27Z" finished-at="2015-09-18T15:56:39Z">
          <reporter-output>
          </reporter-output>
        </test-method> <!-- openBrowser -->
        <test-method status="PASS" signature="EvaluateTIV_ForEachAsset()[pri:0, instance:com.eigenRisk.TestSuite.Top_N_DataValidation@5ba23b66]" name="EvaluateTIV_ForEachAsset" duration-ms="67763" started-at="2015-09-18T15:56:39Z" finished-at="2015-09-18T15:57:46Z">
          <reporter-output>
          </reporter-output>
        </test-method> <!-- EvaluateTIV_ForEachAsset -->
        <test-method status="PASS" signature="closeBrowser()[pri:0, instance:com.eigenRisk.TestSuite.Top_N_DataValidation@5ba23b66]" name="closeBrowser" is-config="true" duration-ms="9455" started-at="2015-09-18T15:57:46Z" finished-at="2015-09-18T15:57:56Z">
          <reporter-output>
          </reporter-output>
        </test-method> <!-- closeBrowser -->
        <test-method status="PASS" signature="afterTest()[pri:0, instance:com.eigenRisk.TestSuite.Top_N_DataValidation@5ba23b66]" name="afterTest" is-config="true" duration-ms="0" started-at="2015-09-18T15:57:56Z" finished-at="2015-09-18T15:57:56Z">
          <reporter-output>
          </reporter-output>
        </test-method> <!-- afterTest -->
      </class> <!-- com.eigenRisk.TestSuite.Top_N_DataValidation -->
    </test> <!-- Evaluate TIV For Each Assets -->
    <test name="Evaluate TopN Assets" duration-ms="15943" started-at="2015-09-18T10:27:56Z" finished-at="2015-09-18T10:28:12Z">
      <class name="com.eigenRisk.TestSuite.Top_N_DataValidation">
        <test-method status="PASS" signature="beforeTest()[pri:0, instance:com.eigenRisk.TestSuite.Top_N_DataValidation@36d64342]" name="beforeTest" is-config="true" duration-ms="1" started-at="2015-09-18T15:57:56Z" finished-at="2015-09-18T15:57:56Z">
          <reporter-output>
          </reporter-output>
        </test-method> <!-- beforeTest -->
        <test-method status="PASS" signature="openBrowser()[pri:0, instance:com.eigenRisk.TestSuite.Top_N_DataValidation@36d64342]" name="openBrowser" is-config="true" duration-ms="8349" started-at="2015-09-18T15:57:56Z" finished-at="2015-09-18T15:58:04Z">
          <reporter-output>
          </reporter-output>
        </test-method> <!-- openBrowser -->
        <test-method status="PASS" signature="EvaluateTopN_Assets()[pri:0, instance:com.eigenRisk.TestSuite.Top_N_DataValidation@36d64342]" name="EvaluateTopN_Assets" duration-ms="3528" started-at="2015-09-18T15:58:04Z" finished-at="2015-09-18T15:58:08Z">
          <reporter-output>
          </reporter-output>
        </test-method> <!-- EvaluateTopN_Assets -->
        <test-method status="PASS" signature="closeBrowser()[pri:0, instance:com.eigenRisk.TestSuite.Top_N_DataValidation@36d64342]" name="closeBrowser" is-config="true" duration-ms="4063" started-at="2015-09-18T15:58:08Z" finished-at="2015-09-18T15:58:12Z">
          <reporter-output>
          </reporter-output>
        </test-method> <!-- closeBrowser -->
        <test-method status="PASS" signature="afterTest()[pri:0, instance:com.eigenRisk.TestSuite.Top_N_DataValidation@36d64342]" name="afterTest" is-config="true" duration-ms="0" started-at="2015-09-18T15:58:12Z" finished-at="2015-09-18T15:58:12Z">
          <reporter-output>
          </reporter-output>
        </test-method> <!-- afterTest -->
      </class> <!-- com.eigenRisk.TestSuite.Top_N_DataValidation -->
    </test> <!-- Evaluate TopN Assets -->
    <test name="Evaluate Currency Conversion For CAD" duration-ms="98079" started-at="2015-09-18T10:28:12Z" finished-at="2015-09-18T10:29:50Z">
      <class name="com.eigenRisk.TestSuite.Top_N_DataValidation">
        <test-method status="PASS" signature="beforeTest()[pri:0, instance:com.eigenRisk.TestSuite.Top_N_DataValidation@19dfb72a]" name="beforeTest" is-config="true" duration-ms="0" started-at="2015-09-18T15:58:12Z" finished-at="2015-09-18T15:58:12Z">
          <reporter-output>
          </reporter-output>
        </test-method> <!-- beforeTest -->
        <test-method status="PASS" signature="openBrowser()[pri:0, instance:com.eigenRisk.TestSuite.Top_N_DataValidation@19dfb72a]" name="openBrowser" is-config="true" duration-ms="7062" started-at="2015-09-18T15:58:12Z" finished-at="2015-09-18T15:58:19Z">
          <reporter-output>
          </reporter-output>
        </test-method> <!-- openBrowser -->
        <test-method status="PASS" signature="EvaluateCurrencyConversionFor_CAD()[pri:0, instance:com.eigenRisk.TestSuite.Top_N_DataValidation@19dfb72a]" name="EvaluateCurrencyConversionFor_CAD" duration-ms="81976" started-at="2015-09-18T15:58:19Z" finished-at="2015-09-18T15:59:41Z">
          <reporter-output>
          </reporter-output>
        </test-method> <!-- EvaluateCurrencyConversionFor_CAD -->
        <test-method status="PASS" signature="closeBrowser()[pri:0, instance:com.eigenRisk.TestSuite.Top_N_DataValidation@19dfb72a]" name="closeBrowser" is-config="true" duration-ms="9038" started-at="2015-09-18T15:59:41Z" finished-at="2015-09-18T15:59:50Z">
          <reporter-output>
          </reporter-output>
        </test-method> <!-- closeBrowser -->
        <test-method status="PASS" signature="afterTest()[pri:0, instance:com.eigenRisk.TestSuite.Top_N_DataValidation@19dfb72a]" name="afterTest" is-config="true" duration-ms="1" started-at="2015-09-18T15:59:50Z" finished-at="2015-09-18T15:59:50Z">
          <reporter-output>
          </reporter-output>
        </test-method> <!-- afterTest -->
      </class> <!-- com.eigenRisk.TestSuite.Top_N_DataValidation -->
    </test> <!-- Evaluate Currency Conversion For CAD -->
    <test name="Evaluate Currency Conversion For EUR" duration-ms="95067" started-at="2015-09-18T10:29:50Z" finished-at="2015-09-18T10:31:25Z">
      <class name="com.eigenRisk.TestSuite.Top_N_DataValidation">
        <test-method status="PASS" signature="openBrowser()[pri:0, instance:com.eigenRisk.TestSuite.Top_N_DataValidation@6fadae5d]" name="openBrowser" is-config="true" duration-ms="9669" started-at="2015-09-18T15:59:50Z" finished-at="2015-09-18T16:00:00Z">
          <reporter-output>
          </reporter-output>
        </test-method> <!-- openBrowser -->
        <test-method status="PASS" signature="beforeTest()[pri:0, instance:com.eigenRisk.TestSuite.Top_N_DataValidation@6fadae5d]" name="beforeTest" is-config="true" duration-ms="0" started-at="2015-09-18T15:59:50Z" finished-at="2015-09-18T15:59:50Z">
          <reporter-output>
          </reporter-output>
        </test-method> <!-- beforeTest -->
        <test-method status="PASS" signature="EvaluateCurrencyConversionFor_EUR()[pri:0, instance:com.eigenRisk.TestSuite.Top_N_DataValidation@6fadae5d]" name="EvaluateCurrencyConversionFor_EUR" duration-ms="76539" started-at="2015-09-18T16:00:00Z" finished-at="2015-09-18T16:01:16Z">
          <reporter-output>
          </reporter-output>
        </test-method> <!-- EvaluateCurrencyConversionFor_EUR -->
        <test-method status="PASS" signature="closeBrowser()[pri:0, instance:com.eigenRisk.TestSuite.Top_N_DataValidation@6fadae5d]" name="closeBrowser" is-config="true" duration-ms="8858" started-at="2015-09-18T16:01:16Z" finished-at="2015-09-18T16:01:25Z">
          <reporter-output>
          </reporter-output>
        </test-method> <!-- closeBrowser -->
        <test-method status="PASS" signature="afterTest()[pri:0, instance:com.eigenRisk.TestSuite.Top_N_DataValidation@6fadae5d]" name="afterTest" is-config="true" duration-ms="0" started-at="2015-09-18T16:01:25Z" finished-at="2015-09-18T16:01:25Z">
          <reporter-output>
          </reporter-output>
        </test-method> <!-- afterTest -->
      </class> <!-- com.eigenRisk.TestSuite.Top_N_DataValidation -->
    </test> <!-- Evaluate Currency Conversion For EUR -->
    <test name="Evaluate Currency Conversion For USD" duration-ms="77225" started-at="2015-09-18T10:31:25Z" finished-at="2015-09-18T10:32:42Z">
      <class name="com.eigenRisk.TestSuite.Top_N_DataValidation">
        <test-method status="PASS" signature="beforeTest()[pri:0, instance:com.eigenRisk.TestSuite.Top_N_DataValidation@3796751b]" name="beforeTest" is-config="true" duration-ms="0" started-at="2015-09-18T16:01:25Z" finished-at="2015-09-18T16:01:25Z">
          <reporter-output>
          </reporter-output>
        </test-method> <!-- beforeTest -->
        <test-method status="PASS" signature="openBrowser()[pri:0, instance:com.eigenRisk.TestSuite.Top_N_DataValidation@3796751b]" name="openBrowser" is-config="true" duration-ms="7786" started-at="2015-09-18T16:01:25Z" finished-at="2015-09-18T16:01:33Z">
          <reporter-output>
          </reporter-output>
        </test-method> <!-- openBrowser -->
        <test-method status="PASS" signature="EvaluateCurrencyConversionFor_USD()[pri:0, instance:com.eigenRisk.TestSuite.Top_N_DataValidation@3796751b]" name="EvaluateCurrencyConversionFor_USD" duration-ms="59494" started-at="2015-09-18T16:01:33Z" finished-at="2015-09-18T16:02:32Z">
          <reporter-output>
          </reporter-output>
        </test-method> <!-- EvaluateCurrencyConversionFor_USD -->
        <test-method status="PASS" signature="closeBrowser()[pri:0, instance:com.eigenRisk.TestSuite.Top_N_DataValidation@3796751b]" name="closeBrowser" is-config="true" duration-ms="9944" started-at="2015-09-18T16:02:32Z" finished-at="2015-09-18T16:02:42Z">
          <reporter-output>
          </reporter-output>
        </test-method> <!-- closeBrowser -->
        <test-method status="PASS" signature="afterTest()[pri:0, instance:com.eigenRisk.TestSuite.Top_N_DataValidation@3796751b]" name="afterTest" is-config="true" duration-ms="0" started-at="2015-09-18T16:02:42Z" finished-at="2015-09-18T16:02:42Z">
          <reporter-output>
          </reporter-output>
        </test-method> <!-- afterTest -->
      </class> <!-- com.eigenRisk.TestSuite.Top_N_DataValidation -->
    </test> <!-- Evaluate Currency Conversion For USD -->
    <test name="Evaluate Currency Conversion For BBD" duration-ms="90612" started-at="2015-09-18T10:32:42Z" finished-at="2015-09-18T10:34:13Z">
      <class name="com.eigenRisk.TestSuite.Top_N_DataValidation">
        <test-method status="PASS" signature="beforeTest()[pri:0, instance:com.eigenRisk.TestSuite.Top_N_DataValidation@edf4efb]" name="beforeTest" is-config="true" duration-ms="0" started-at="2015-09-18T16:02:42Z" finished-at="2015-09-18T16:02:42Z">
          <reporter-output>
          </reporter-output>
        </test-method> <!-- beforeTest -->
        <test-method status="PASS" signature="openBrowser()[pri:0, instance:com.eigenRisk.TestSuite.Top_N_DataValidation@edf4efb]" name="openBrowser" is-config="true" duration-ms="8318" started-at="2015-09-18T16:02:42Z" finished-at="2015-09-18T16:02:51Z">
          <reporter-output>
          </reporter-output>
        </test-method> <!-- openBrowser -->
        <test-method status="PASS" signature="EvaluateCurrencyConversionFor_BBD()[pri:0, instance:com.eigenRisk.TestSuite.Top_N_DataValidation@edf4efb]" name="EvaluateCurrencyConversionFor_BBD" duration-ms="73202" started-at="2015-09-18T16:02:51Z" finished-at="2015-09-18T16:04:04Z">
          <reporter-output>
          </reporter-output>
        </test-method> <!-- EvaluateCurrencyConversionFor_BBD -->
        <test-method status="PASS" signature="closeBrowser()[pri:0, instance:com.eigenRisk.TestSuite.Top_N_DataValidation@edf4efb]" name="closeBrowser" is-config="true" duration-ms="9091" started-at="2015-09-18T16:04:04Z" finished-at="2015-09-18T16:04:13Z">
          <reporter-output>
          </reporter-output>
        </test-method> <!-- closeBrowser -->
        <test-method status="PASS" signature="afterTest()[pri:0, instance:com.eigenRisk.TestSuite.Top_N_DataValidation@edf4efb]" name="afterTest" is-config="true" duration-ms="0" started-at="2015-09-18T16:04:13Z" finished-at="2015-09-18T16:04:13Z">
          <reporter-output>
          </reporter-output>
        </test-method> <!-- afterTest -->
      </class> <!-- com.eigenRisk.TestSuite.Top_N_DataValidation -->
    </test> <!-- Evaluate Currency Conversion For BBD -->
    <test name="Check Countries Listed In Contribution Widget" duration-ms="74193" started-at="2015-09-18T10:34:13Z" finished-at="2015-09-18T10:35:27Z">
      <class name="com.eigenRisk.TestSuite.Top_N_DataValidation">
        <test-method status="PASS" signature="beforeTest()[pri:0, instance:com.eigenRisk.TestSuite.Top_N_DataValidation@22f71333]" name="beforeTest" is-config="true" duration-ms="0" started-at="2015-09-18T16:04:13Z" finished-at="2015-09-18T16:04:13Z">
          <reporter-output>
          </reporter-output>
        </test-method> <!-- beforeTest -->
        <test-method status="PASS" signature="openBrowser()[pri:0, instance:com.eigenRisk.TestSuite.Top_N_DataValidation@22f71333]" name="openBrowser" is-config="true" duration-ms="9636" started-at="2015-09-18T16:04:13Z" finished-at="2015-09-18T16:04:23Z">
          <reporter-output>
          </reporter-output>
        </test-method> <!-- openBrowser -->
        <test-method status="PASS" signature="CheckCountriesListedInContributionWidget()[pri:0, instance:com.eigenRisk.TestSuite.Top_N_DataValidation@22f71333]" name="CheckCountriesListedInContributionWidget" duration-ms="55067" started-at="2015-09-18T16:04:23Z" finished-at="2015-09-18T16:05:18Z">
          <reporter-output>
          </reporter-output>
        </test-method> <!-- CheckCountriesListedInContributionWidget -->
        <test-method status="PASS" signature="closeBrowser()[pri:0, instance:com.eigenRisk.TestSuite.Top_N_DataValidation@22f71333]" name="closeBrowser" is-config="true" duration-ms="9488" started-at="2015-09-18T16:05:18Z" finished-at="2015-09-18T16:05:27Z">
          <reporter-output>
          </reporter-output>
        </test-method> <!-- closeBrowser -->
        <test-method status="PASS" signature="afterTest()[pri:0, instance:com.eigenRisk.TestSuite.Top_N_DataValidation@22f71333]" name="afterTest" is-config="true" duration-ms="0" started-at="2015-09-18T16:05:27Z" finished-at="2015-09-18T16:05:27Z">
          <reporter-output>
          </reporter-output>
        </test-method> <!-- afterTest -->
      </class> <!-- com.eigenRisk.TestSuite.Top_N_DataValidation -->
    </test> <!-- Check Countries Listed In Contribution Widget -->
    <test name="Evaluate TIV and AssetNum 51 Records Today" duration-ms="63294" started-at="2015-09-18T10:35:27Z" finished-at="2015-09-18T10:36:30Z">
      <class name="com.eigenRisk.TestSuite.Top_N_DataValidation">
        <test-method status="PASS" signature="beforeTest()[pri:0, instance:com.eigenRisk.TestSuite.Top_N_DataValidation@21bcffb5]" name="beforeTest" is-config="true" duration-ms="0" started-at="2015-09-18T16:05:27Z" finished-at="2015-09-18T16:05:27Z">
          <reporter-output>
          </reporter-output>
        </test-method> <!-- beforeTest -->
        <test-method status="PASS" signature="openBrowser()[pri:0, instance:com.eigenRisk.TestSuite.Top_N_DataValidation@21bcffb5]" name="openBrowser" is-config="true" duration-ms="9636" started-at="2015-09-18T16:05:27Z" finished-at="2015-09-18T16:05:37Z">
          <reporter-output>
          </reporter-output>
        </test-method> <!-- openBrowser -->
        <test-method status="PASS" signature="Evaluate_TIV_and_AssetNum_51_Records_Today()[pri:0, instance:com.eigenRisk.TestSuite.Top_N_DataValidation@21bcffb5]" name="Evaluate_TIV_and_AssetNum_51_Records_Today" duration-ms="44451" started-at="2015-09-18T16:05:37Z" finished-at="2015-09-18T16:06:21Z">
          <reporter-output>
          </reporter-output>
        </test-method> <!-- Evaluate_TIV_and_AssetNum_51_Records_Today -->
        <test-method status="PASS" signature="closeBrowser()[pri:0, instance:com.eigenRisk.TestSuite.Top_N_DataValidation@21bcffb5]" name="closeBrowser" is-config="true" duration-ms="9206" started-at="2015-09-18T16:06:21Z" finished-at="2015-09-18T16:06:30Z">
          <reporter-output>
          </reporter-output>
        </test-method> <!-- closeBrowser -->
        <test-method status="PASS" signature="afterTest()[pri:0, instance:com.eigenRisk.TestSuite.Top_N_DataValidation@21bcffb5]" name="afterTest" is-config="true" duration-ms="1" started-at="2015-09-18T16:06:30Z" finished-at="2015-09-18T16:06:30Z">
          <reporter-output>
          </reporter-output>
        </test-method> <!-- afterTest -->
      </class> <!-- com.eigenRisk.TestSuite.Top_N_DataValidation -->
    </test> <!-- Evaluate TIV and AssetNum 51 Records Today -->
    <test name="Evaluate TIV and AssetNum 51 Records 2011" duration-ms="70104" started-at="2015-09-18T10:36:30Z" finished-at="2015-09-18T10:37:41Z">
      <class name="com.eigenRisk.TestSuite.Top_N_DataValidation">
        <test-method status="PASS" signature="beforeTest()[pri:0, instance:com.eigenRisk.TestSuite.Top_N_DataValidation@6b2fad11]" name="beforeTest" is-config="true" duration-ms="0" started-at="2015-09-18T16:06:30Z" finished-at="2015-09-18T16:06:30Z">
          <reporter-output>
          </reporter-output>
        </test-method> <!-- beforeTest -->
        <test-method status="PASS" signature="openBrowser()[pri:0, instance:com.eigenRisk.TestSuite.Top_N_DataValidation@6b2fad11]" name="openBrowser" is-config="true" duration-ms="10366" started-at="2015-09-18T16:06:30Z" finished-at="2015-09-18T16:06:41Z">
          <reporter-output>
          </reporter-output>
        </test-method> <!-- openBrowser -->
        <test-method status="PASS" signature="Evaluate_TIV_and_AssetNum_51_Records_2011()[pri:0, instance:com.eigenRisk.TestSuite.Top_N_DataValidation@6b2fad11]" name="Evaluate_TIV_and_AssetNum_51_Records_2011" duration-ms="50911" started-at="2015-09-18T16:06:41Z" finished-at="2015-09-18T16:07:32Z">
          <reporter-output>
          </reporter-output>
        </test-method> <!-- Evaluate_TIV_and_AssetNum_51_Records_2011 -->
        <test-method status="PASS" signature="closeBrowser()[pri:0, instance:com.eigenRisk.TestSuite.Top_N_DataValidation@6b2fad11]" name="closeBrowser" is-config="true" duration-ms="8825" started-at="2015-09-18T16:07:32Z" finished-at="2015-09-18T16:07:41Z">
          <reporter-output>
          </reporter-output>
        </test-method> <!-- closeBrowser -->
        <test-method status="PASS" signature="afterTest()[pri:0, instance:com.eigenRisk.TestSuite.Top_N_DataValidation@6b2fad11]" name="afterTest" is-config="true" duration-ms="0" started-at="2015-09-18T16:07:41Z" finished-at="2015-09-18T16:07:41Z">
          <reporter-output>
          </reporter-output>
        </test-method> <!-- afterTest -->
      </class> <!-- com.eigenRisk.TestSuite.Top_N_DataValidation -->
    </test> <!-- Evaluate TIV and AssetNum 51 Records 2011 -->
    <test name="Evaluate TIV and AssetNum 51 Records 2012" duration-ms="70091" started-at="2015-09-18T10:37:41Z" finished-at="2015-09-18T10:38:51Z">
      <class name="com.eigenRisk.TestSuite.Top_N_DataValidation">
        <test-method status="PASS" signature="openBrowser()[pri:0, instance:com.eigenRisk.TestSuite.Top_N_DataValidation@26ba2a48]" name="openBrowser" is-config="true" duration-ms="9972" started-at="2015-09-18T16:07:41Z" finished-at="2015-09-18T16:07:51Z">
          <reporter-output>
          </reporter-output>
        </test-method> <!-- openBrowser -->
        <test-method status="PASS" signature="beforeTest()[pri:0, instance:com.eigenRisk.TestSuite.Top_N_DataValidation@26ba2a48]" name="beforeTest" is-config="true" duration-ms="0" started-at="2015-09-18T16:07:41Z" finished-at="2015-09-18T16:07:41Z">
          <reporter-output>
          </reporter-output>
        </test-method> <!-- beforeTest -->
        <test-method status="PASS" signature="Evaluate_TIV_and_AssetNum_51_Records_2012()[pri:0, instance:com.eigenRisk.TestSuite.Top_N_DataValidation@26ba2a48]" name="Evaluate_TIV_and_AssetNum_51_Records_2012" duration-ms="51091" started-at="2015-09-18T16:07:51Z" finished-at="2015-09-18T16:08:42Z">
          <reporter-output>
          </reporter-output>
        </test-method> <!-- Evaluate_TIV_and_AssetNum_51_Records_2012 -->
        <test-method status="PASS" signature="closeBrowser()[pri:0, instance:com.eigenRisk.TestSuite.Top_N_DataValidation@26ba2a48]" name="closeBrowser" is-config="true" duration-ms="9026" started-at="2015-09-18T16:08:42Z" finished-at="2015-09-18T16:08:51Z">
          <reporter-output>
          </reporter-output>
        </test-method> <!-- closeBrowser -->
        <test-method status="PASS" signature="afterTest()[pri:0, instance:com.eigenRisk.TestSuite.Top_N_DataValidation@26ba2a48]" name="afterTest" is-config="true" duration-ms="1" started-at="2015-09-18T16:08:51Z" finished-at="2015-09-18T16:08:51Z">
          <reporter-output>
          </reporter-output>
        </test-method> <!-- afterTest -->
      </class> <!-- com.eigenRisk.TestSuite.Top_N_DataValidation -->
    </test> <!-- Evaluate TIV and AssetNum 51 Records 2012 -->
    <test name="Evaluate TIV and AssetNum 51 Records 2013" duration-ms="76709" started-at="2015-09-18T10:38:51Z" finished-at="2015-09-18T10:40:07Z">
      <class name="com.eigenRisk.TestSuite.Top_N_DataValidation">
        <test-method status="PASS" signature="openBrowser()[pri:0, instance:com.eigenRisk.TestSuite.Top_N_DataValidation@17550481]" name="openBrowser" is-config="true" duration-ms="14384" started-at="2015-09-18T16:08:51Z" finished-at="2015-09-18T16:09:05Z">
          <reporter-output>
          </reporter-output>
        </test-method> <!-- openBrowser -->
        <test-method status="PASS" signature="beforeTest()[pri:0, instance:com.eigenRisk.TestSuite.Top_N_DataValidation@17550481]" name="beforeTest" is-config="true" duration-ms="0" started-at="2015-09-18T16:08:51Z" finished-at="2015-09-18T16:08:51Z">
          <reporter-output>
          </reporter-output>
        </test-method> <!-- beforeTest -->
        <test-method status="PASS" signature="Evaluate_TIV_and_AssetNum_51_Records_2013()[pri:0, instance:com.eigenRisk.TestSuite.Top_N_DataValidation@17550481]" name="Evaluate_TIV_and_AssetNum_51_Records_2013" duration-ms="52927" started-at="2015-09-18T16:09:05Z" finished-at="2015-09-18T16:09:58Z">
          <reporter-output>
          </reporter-output>
        </test-method> <!-- Evaluate_TIV_and_AssetNum_51_Records_2013 -->
        <test-method status="PASS" signature="closeBrowser()[pri:0, instance:com.eigenRisk.TestSuite.Top_N_DataValidation@17550481]" name="closeBrowser" is-config="true" duration-ms="9397" started-at="2015-09-18T16:09:58Z" finished-at="2015-09-18T16:10:07Z">
          <reporter-output>
          </reporter-output>
        </test-method> <!-- closeBrowser -->
        <test-method status="PASS" signature="afterTest()[pri:0, instance:com.eigenRisk.TestSuite.Top_N_DataValidation@17550481]" name="afterTest" is-config="true" duration-ms="0" started-at="2015-09-18T16:10:07Z" finished-at="2015-09-18T16:10:07Z">
          <reporter-output>
          </reporter-output>
        </test-method> <!-- afterTest -->
      </class> <!-- com.eigenRisk.TestSuite.Top_N_DataValidation -->
    </test> <!-- Evaluate TIV and AssetNum 51 Records 2013 -->
    <test name="Evaluate TIV and AssetNum 51 Records 2014" duration-ms="71264" started-at="2015-09-18T10:40:07Z" finished-at="2015-09-18T10:41:19Z">
      <class name="com.eigenRisk.TestSuite.Top_N_DataValidation">
        <test-method status="PASS" signature="beforeTest()[pri:0, instance:com.eigenRisk.TestSuite.Top_N_DataValidation@5315b42e]" name="beforeTest" is-config="true" duration-ms="0" started-at="2015-09-18T16:10:07Z" finished-at="2015-09-18T16:10:07Z">
          <reporter-output>
          </reporter-output>
        </test-method> <!-- beforeTest -->
        <test-method status="PASS" signature="openBrowser()[pri:0, instance:com.eigenRisk.TestSuite.Top_N_DataValidation@5315b42e]" name="openBrowser" is-config="true" duration-ms="9299" started-at="2015-09-18T16:10:07Z" finished-at="2015-09-18T16:10:17Z">
          <reporter-output>
          </reporter-output>
        </test-method> <!-- openBrowser -->
        <test-method status="PASS" signature="Evaluate_TIV_and_AssetNum_51_Records_2014()[pri:0, instance:com.eigenRisk.TestSuite.Top_N_DataValidation@5315b42e]" name="Evaluate_TIV_and_AssetNum_51_Records_2014" duration-ms="52958" started-at="2015-09-18T16:10:17Z" finished-at="2015-09-18T16:11:10Z">
          <reporter-output>
          </reporter-output>
        </test-method> <!-- Evaluate_TIV_and_AssetNum_51_Records_2014 -->
        <test-method status="PASS" signature="closeBrowser()[pri:0, instance:com.eigenRisk.TestSuite.Top_N_DataValidation@5315b42e]" name="closeBrowser" is-config="true" duration-ms="9006" started-at="2015-09-18T16:11:10Z" finished-at="2015-09-18T16:11:19Z">
          <reporter-output>
          </reporter-output>
        </test-method> <!-- closeBrowser -->
        <test-method status="PASS" signature="afterTest()[pri:0, instance:com.eigenRisk.TestSuite.Top_N_DataValidation@5315b42e]" name="afterTest" is-config="true" duration-ms="0" started-at="2015-09-18T16:11:19Z" finished-at="2015-09-18T16:11:19Z">
          <reporter-output>
          </reporter-output>
        </test-method> <!-- afterTest -->
      </class> <!-- com.eigenRisk.TestSuite.Top_N_DataValidation -->
    </test> <!-- Evaluate TIV and AssetNum 51 Records 2014 -->
  </suite> <!-- Currency Validation -->
</testng-results>
